#
# There is insufficient memory for the Java Runtime Environment to continue.
# Native memory allocation (malloc) failed to allocate 1140320 bytes for Chunk::new
# Possible reasons:
#   The system is out of physical RAM or swap space
#   The process is running with CompressedOops enabled, and the Java Heap may be blocking the growth of the native heap
# Possible solutions:
#   Reduce memory load on the system
#   Increase physical memory or swap space
#   Check if swap backing store is full
#   Decrease Java heap size (-Xmx/-Xms)
#   Decrease number of Java threads
#   Decrease Java thread stack sizes (-Xss)
#   Set larger code cache with -XX:ReservedCodeCacheSize=
#   JVM is running with Unscaled Compressed Oops mode in which the Java heap is
#     placed in the first 4GB address space. The Java Heap base address is the
#     maximum limit for the native heap growth. Please use -XX:HeapBaseMinAddress
#     to set the Java Heap base and to place the Java Heap above 4GB virtual address.
# This output file may be truncated or incomplete.
#
#  Out of Memory Error (arena.cpp:189), pid=16592, tid=1728
#
# JRE version: OpenJDK Runtime Environment Temurin-17.0.7+7 (17.0.7+7) (build 17.0.7+7)
# Java VM: OpenJDK 64-Bit Server VM Temurin-17.0.7+7 (17.0.7+7, mixed mode, tiered, compressed oops, compressed class ptrs, g1 gc, windows-amd64)
# No core dump will be written. Minidumps are not enabled by default on client versions of Windows
#

---------------  S U M M A R Y ------------

Command Line: -Xbootclasspath/a: -Xms256m -Xmx1024m -XX:+HeapDumpOnOutOfMemoryError -Dcom.sun.management.jmxremote -Dballerina.home=D:\programmes\ballerina\distributions\ballerina-2201.10.1\bin\.. -Dballerina.target=jvm -Djava.command=D:\programmes\ballerina\distributions\ballerina-2201.10.1\bin\..\..\..\dependencies\jdk-17.0.7+7-jre\bin\java -Djava.opts= -Denable.nonblocking=false -Dfile.encoding=UTF8 -Dballerina.version=2201.10.1 io.ballerina.cli.launcher.Main start-language-server

Host: Intel(R) Core(TM) i5-10500H CPU @ 2.50GHz, 12 cores, 15G,  Windows 11 , 64 bit Build 22621 (10.0.22621.3958)
Time: Sun Oct  6 00:54:40 2024 Sri Lanka Standard Time elapsed time: 8.491262 seconds (0d 0h 0m 8s)

---------------  T H R E A D  ---------------

Current thread (0x00000139e95aaf50):  JavaThread "C2 CompilerThread2" daemon [_thread_in_native, id=1728, stack(0x0000000409c00000,0x0000000409d00000)]


Current CompileTask:
C2:   8491 5911       4       org.wso2.ballerinalang.compiler.BIRPackageSymbolEnter$BIRTypeReader::readType (4470 bytes)

Stack: [0x0000000409c00000,0x0000000409d00000]
Native frames: (J=compiled Java code, j=interpreted, Vv=VM code, C=native code)
V  [jvm.dll+0x67754a]
V  [jvm.dll+0x834304]
V  [jvm.dll+0x835aae]
V  [jvm.dll+0x836113]
V  [jvm.dll+0x24696f]
V  [jvm.dll+0xac0ac]
V  [jvm.dll+0xac67c]
V  [jvm.dll+0x364e37]
V  [jvm.dll+0x1bca82]
V  [jvm.dll+0x219799]
V  [jvm.dll+0x218a61]
V  [jvm.dll+0x1a4d8d]
V  [jvm.dll+0x2284da]
V  [jvm.dll+0x226615]
V  [jvm.dll+0x7ea90b]
V  [jvm.dll+0x7e4e7a]
V  [jvm.dll+0x676395]
C  [ucrtbase.dll+0x29333]
C  [KERNEL32.DLL+0x1257d]
C  [ntdll.dll+0x5af28]


---------------  P R O C E S S  ---------------

Threads class SMR info:
_java_thread_list=0x00000139ea044c60, length=23, elements={
0x00000139e30cccd0, 0x00000139e314c180, 0x00000139e318fbb0, 0x00000139e31871f0,
0x00000139e3190570, 0x00000139e3162560, 0x00000139e3163850, 0x00000139e31a1d30,
0x00000139e31c2a50, 0x00000139e341fa20, 0x00000139e3484c60, 0x00000139e8454fd0,
0x00000139e92f47f0, 0x00000139e90b2310, 0x00000139e90993c0, 0x00000139e9057f90,
0x00000139e95aaf50, 0x00000139ec493710, 0x00000139ec48fd50, 0x00000139ec490bc0,
0x00000139ec4906f0, 0x00000139ec491090, 0x00000139ec491560
}

Java Threads: ( => current thread )
  0x00000139e30cccd0 JavaThread "Reference Handler" daemon [_thread_blocked, id=4736, stack(0x0000000408400000,0x0000000408500000)]
  0x00000139e314c180 JavaThread "Finalizer" daemon [_thread_blocked, id=2548, stack(0x0000000408500000,0x0000000408600000)]
  0x00000139e318fbb0 JavaThread "Signal Dispatcher" daemon [_thread_blocked, id=19156, stack(0x0000000408600000,0x0000000408700000)]
  0x00000139e31871f0 JavaThread "Attach Listener" daemon [_thread_blocked, id=15624, stack(0x0000000408700000,0x0000000408800000)]
  0x00000139e3190570 JavaThread "Service Thread" daemon [_thread_blocked, id=21360, stack(0x0000000408800000,0x0000000408900000)]
  0x00000139e3162560 JavaThread "Monitor Deflation Thread" daemon [_thread_blocked, id=23452, stack(0x0000000408900000,0x0000000408a00000)]
  0x00000139e3163850 JavaThread "C2 CompilerThread0" daemon [_thread_in_native, id=9288, stack(0x0000000408a00000,0x0000000408b00000)]
  0x00000139e31a1d30 JavaThread "C1 CompilerThread0" daemon [_thread_blocked, id=17020, stack(0x0000000408b00000,0x0000000408c00000)]
  0x00000139e31c2a50 JavaThread "Sweeper thread" daemon [_thread_blocked, id=22532, stack(0x0000000408c00000,0x0000000408d00000)]
  0x00000139e341fa20 JavaThread "Common-Cleaner" daemon [_thread_blocked, id=21048, stack(0x0000000408d00000,0x0000000408e00000)]
  0x00000139e3484c60 JavaThread "Notification Thread" daemon [_thread_blocked, id=22936, stack(0x0000000408e00000,0x0000000408f00000)]
  0x00000139e8454fd0 JavaThread "RMI TCP Accept-0" daemon [_thread_in_native, id=19824, stack(0x0000000409000000,0x0000000409100000)]
  0x00000139e92f47f0 JavaThread "pool-1-thread-1" [_thread_blocked, id=22484, stack(0x000000040a100000,0x000000040a200000)]
  0x00000139e90b2310 JavaThread "ForkJoinPool.commonPool-worker-1" daemon [_thread_in_Java, id=17568, stack(0x000000040a200000,0x000000040a300000)]
  0x00000139e90993c0 JavaThread "ForkJoinPool.commonPool-worker-2" daemon [_thread_blocked, id=19332, stack(0x000000040a300000,0x000000040a400000)]
  0x00000139e9057f90 JavaThread "C2 CompilerThread1" daemon [_thread_in_native, id=16524, stack(0x0000000408f00000,0x0000000409000000)]
=>0x00000139e95aaf50 JavaThread "C2 CompilerThread2" daemon [_thread_in_native, id=1728, stack(0x0000000409c00000,0x0000000409d00000)]
  0x00000139ec493710 JavaThread "CompletableFutureDelayScheduler" daemon [_thread_blocked, id=24164, stack(0x000000040a600000,0x000000040a700000)]
  0x00000139ec48fd50 JavaThread "ForkJoinPool.commonPool-worker-3" daemon [_thread_blocked, id=7248, stack(0x000000040a700000,0x000000040a800000)]
  0x00000139ec490bc0 JavaThread "ForkJoinPool.commonPool-worker-4" daemon [_thread_blocked, id=21556, stack(0x000000040a800000,0x000000040a900000)]
  0x00000139ec4906f0 JavaThread "ForkJoinPool.commonPool-worker-5" daemon [_thread_blocked, id=23168, stack(0x000000040a900000,0x000000040aa00000)]
  0x00000139ec491090 JavaThread "ForkJoinPool.commonPool-worker-6" daemon [_thread_blocked, id=18696, stack(0x000000040aa00000,0x000000040ab00000)]
  0x00000139ec491560 JavaThread "DestroyJavaVM" [_thread_blocked, id=23992, stack(0x0000000407d00000,0x0000000407e00000)]

Other Threads:
  0x00000139e30cc650 VMThread "VM Thread" [stack: 0x0000000408300000,0x0000000408400000] [id=23956]
  0x00000139c880d3c0 WatcherThread [stack: 0x0000000409100000,0x0000000409200000] [id=23880]
  0x00000139c87f9fb0 GCTaskThread "GC Thread#0" [stack: 0x0000000407e00000,0x0000000407f00000] [id=4388]
  0x00000139e85ab9d0 GCTaskThread "GC Thread#1" [stack: 0x0000000409200000,0x0000000409300000] [id=2404]
  0x00000139e85aa700 GCTaskThread "GC Thread#2" [stack: 0x0000000409300000,0x0000000409400000] [id=24180]
  0x00000139e85ab1c0 GCTaskThread "GC Thread#3" [stack: 0x0000000409400000,0x0000000409500000] [id=21496]
  0x00000139e85abf30 GCTaskThread "GC Thread#4" [stack: 0x0000000409500000,0x0000000409600000] [id=18836]
  0x00000139e85ab470 GCTaskThread "GC Thread#5" [stack: 0x0000000409600000,0x0000000409700000] [id=23092]
  0x00000139e85ac1e0 GCTaskThread "GC Thread#6" [stack: 0x0000000409700000,0x0000000409800000] [id=16708]
  0x00000139e85aa9b0 GCTaskThread "GC Thread#7" [stack: 0x0000000409d00000,0x0000000409e00000] [id=1776]
  0x00000139e85aac60 GCTaskThread "GC Thread#8" [stack: 0x0000000409e00000,0x0000000409f00000] [id=24036]
  0x00000139e8f26070 GCTaskThread "GC Thread#9" [stack: 0x000000040a400000,0x000000040a500000] [id=20912]
  0x00000139c8804f10 ConcurrentGCThread "G1 Main Marker" [stack: 0x0000000407f00000,0x0000000408000000] [id=2236]
  0x00000139c88060c0 ConcurrentGCThread "G1 Conc#0" [stack: 0x0000000408000000,0x0000000408100000] [id=14736]
  0x00000139e8f26880 ConcurrentGCThread "G1 Conc#1" [stack: 0x0000000409f00000,0x000000040a000000] [id=4420]
  0x00000139e8f27e00 ConcurrentGCThread "G1 Conc#2" [stack: 0x000000040a000000,0x000000040a100000] [id=20316]
  0x00000139c886d540 ConcurrentGCThread "G1 Refine#0" [stack: 0x0000000408100000,0x0000000408200000] [id=14368]
  0x00000139e84e38b0 ConcurrentGCThread "G1 Refine#1" [stack: 0x0000000409800000,0x0000000409900000] [id=2648]
  0x00000139e38a7b20 ConcurrentGCThread "G1 Refine#2" [stack: 0x0000000409900000,0x0000000409a00000] [id=7488]
  0x00000139e36514a0 ConcurrentGCThread "G1 Refine#3" [stack: 0x0000000409a00000,0x0000000409b00000] [id=24008]
  0x00000139e87e2850 ConcurrentGCThread "G1 Refine#4" [stack: 0x0000000409b00000,0x0000000409c00000] [id=20080]
  0x00000139e8fd0fb0 ConcurrentGCThread "G1 Refine#5" [stack: 0x000000040a500000,0x000000040a600000] [id=22600]
  0x00000139e8fd09f0 ConcurrentGCThread "G1 Refine#6" [stack: 0x000000040ab00000,0x000000040ac00000] [id=22580]
  0x00000139c886df60 ConcurrentGCThread "G1 Service" [stack: 0x0000000408200000,0x0000000408300000] [id=21644]

Threads with active compile tasks:
C2 CompilerThread0     8525 5670       4       org.wso2.ballerinalang.compiler.BIRPackageSymbolEnter::defineAnnotAttachmentSymbols (22 bytes)
C2 CompilerThread1     8525 5975       4       sun.nio.fs.WindowsPathParser::parse (384 bytes)
C2 CompilerThread2     8525 5911       4       org.wso2.ballerinalang.compiler.BIRPackageSymbolEnter$BIRTypeReader::readType (4470 bytes)

VM state: not at safepoint (normal execution)

VM Mutex/Monitor currently owned by a thread: None

Heap address: 0x00000000c0000000, size: 1024 MB, Compressed Oops mode: 32-bit

CDS archive(s) not mapped
Compressed class space mapped at: 0x0000000100000000-0x0000000140000000, reserved size: 1073741824
Narrow klass base: 0x0000000000000000, Narrow klass shift: 3, Narrow klass range: 0x140000000

GC Precious Log:
 CPUs: 12 total, 12 available
 Memory: 16202M
 Large Page Support: Disabled
 NUMA Support: Disabled
 Compressed Oops: Enabled (32-bit)
 Heap Region Size: 1M
 Heap Min Capacity: 256M
 Heap Initial Capacity: 256M
 Heap Max Capacity: 1G
 Pre-touch: Disabled
 Parallel Workers: 10
 Concurrent Workers: 3
 Concurrent Refinement Workers: 10
 Periodic GC: Disabled

Heap:
 garbage-first heap   total 262144K, used 141206K [0x00000000c0000000, 0x0000000100000000)
  region size 1024K, 64 young (65536K), 17 survivors (17408K)
 Metaspace       used 41563K, committed 41856K, reserved 1114112K
  class space    used 4259K, committed 4416K, reserved 1048576K

Heap Regions: E=young(eden), S=young(survivor), O=old, HS=humongous(starts), HC=humongous(continues), CS=collection set, F=free, OA=open archive, CA=closed archive, TAMS=top-at-mark-start (previous, next)
|   0|0x00000000c0000000, 0x00000000c0100000, 0x00000000c0100000|100%|HS|  |TAMS 0x00000000c0100000, 0x00000000c0000000| Complete 
|   1|0x00000000c0100000, 0x00000000c0200000, 0x00000000c0200000|100%|HS|  |TAMS 0x00000000c0200000, 0x00000000c0100000| Complete 
|   2|0x00000000c0200000, 0x00000000c0300000, 0x00000000c0300000|100%|HS|  |TAMS 0x00000000c0300000, 0x00000000c0200000| Complete 
|   3|0x00000000c0300000, 0x00000000c0400000, 0x00000000c0400000|100%| O|  |TAMS 0x00000000c0400000, 0x00000000c0300000| Untracked 
|   4|0x00000000c0400000, 0x00000000c0500000, 0x00000000c0500000|100%| O|  |TAMS 0x00000000c0500000, 0x00000000c0400000| Untracked 
|   5|0x00000000c0500000, 0x00000000c0600000, 0x00000000c0600000|100%| O|  |TAMS 0x00000000c0600000, 0x00000000c0500000| Untracked 
|   6|0x00000000c0600000, 0x00000000c0700000, 0x00000000c0700000|100%| O|  |TAMS 0x00000000c0700000, 0x00000000c0600000| Untracked 
|   7|0x00000000c0700000, 0x00000000c0800000, 0x00000000c0800000|100%| O|  |TAMS 0x00000000c0800000, 0x00000000c0700000| Untracked 
|   8|0x00000000c0800000, 0x00000000c0900000, 0x00000000c0900000|100%| O|  |TAMS 0x00000000c0900000, 0x00000000c0800000| Untracked 
|   9|0x00000000c0900000, 0x00000000c0a00000, 0x00000000c0a00000|100%| O|  |TAMS 0x00000000c0a00000, 0x00000000c0900000| Untracked 
|  10|0x00000000c0a00000, 0x00000000c0b00000, 0x00000000c0b00000|100%| O|  |TAMS 0x00000000c0b00000, 0x00000000c0a00000| Untracked 
|  11|0x00000000c0b00000, 0x00000000c0c00000, 0x00000000c0c00000|100%| O|  |TAMS 0x00000000c0c00000, 0x00000000c0b00000| Untracked 
|  12|0x00000000c0c00000, 0x00000000c0d00000, 0x00000000c0d00000|100%| O|  |TAMS 0x00000000c0d00000, 0x00000000c0c00000| Untracked 
|  13|0x00000000c0d00000, 0x00000000c0e00000, 0x00000000c0e00000|100%| O|  |TAMS 0x00000000c0e00000, 0x00000000c0d00000| Untracked 
|  14|0x00000000c0e00000, 0x00000000c0f00000, 0x00000000c0f00000|100%| O|  |TAMS 0x00000000c0f00000, 0x00000000c0e00000| Untracked 
|  15|0x00000000c0f00000, 0x00000000c1000000, 0x00000000c1000000|100%| O|  |TAMS 0x00000000c1000000, 0x00000000c0f00000| Untracked 
|  16|0x00000000c1000000, 0x00000000c1100000, 0x00000000c1100000|100%| O|  |TAMS 0x00000000c1100000, 0x00000000c1000000| Untracked 
|  17|0x00000000c1100000, 0x00000000c1200000, 0x00000000c1200000|100%| O|  |TAMS 0x00000000c1200000, 0x00000000c1100000| Untracked 
|  18|0x00000000c1200000, 0x00000000c1300000, 0x00000000c1300000|100%| O|  |TAMS 0x00000000c1300000, 0x00000000c1200000| Untracked 
|  19|0x00000000c1300000, 0x00000000c1400000, 0x00000000c1400000|100%| O|  |TAMS 0x00000000c1400000, 0x00000000c1300000| Untracked 
|  20|0x00000000c1400000, 0x00000000c1500000, 0x00000000c1500000|100%| O|  |TAMS 0x00000000c1500000, 0x00000000c1400000| Untracked 
|  21|0x00000000c1500000, 0x00000000c1600000, 0x00000000c1600000|100%| O|  |TAMS 0x00000000c1600000, 0x00000000c1500000| Untracked 
|  22|0x00000000c1600000, 0x00000000c1700000, 0x00000000c1700000|100%| O|  |TAMS 0x00000000c1700000, 0x00000000c1600000| Untracked 
|  23|0x00000000c1700000, 0x00000000c1800000, 0x00000000c1800000|100%| O|  |TAMS 0x00000000c1800000, 0x00000000c1700000| Untracked 
|  24|0x00000000c1800000, 0x00000000c1900000, 0x00000000c1900000|100%| O|  |TAMS 0x00000000c1900000, 0x00000000c1800000| Untracked 
|  25|0x00000000c1900000, 0x00000000c1a00000, 0x00000000c1a00000|100%| O|  |TAMS 0x00000000c1a00000, 0x00000000c1900000| Untracked 
|  26|0x00000000c1a00000, 0x00000000c1b00000, 0x00000000c1b00000|100%| O|  |TAMS 0x00000000c1b00000, 0x00000000c1a00000| Untracked 
|  27|0x00000000c1b00000, 0x00000000c1c00000, 0x00000000c1c00000|100%| O|  |TAMS 0x00000000c1c00000, 0x00000000c1b00000| Untracked 
|  28|0x00000000c1c00000, 0x00000000c1d00000, 0x00000000c1d00000|100%| O|  |TAMS 0x00000000c1d00000, 0x00000000c1c00000| Untracked 
|  29|0x00000000c1d00000, 0x00000000c1e00000, 0x00000000c1e00000|100%| O|  |TAMS 0x00000000c1e00000, 0x00000000c1d00000| Untracked 
|  30|0x00000000c1e00000, 0x00000000c1f00000, 0x00000000c1f00000|100%| O|  |TAMS 0x00000000c1f00000, 0x00000000c1e00000| Untracked 
|  31|0x00000000c1f00000, 0x00000000c2000000, 0x00000000c2000000|100%| O|  |TAMS 0x00000000c2000000, 0x00000000c1f00000| Untracked 
|  32|0x00000000c2000000, 0x00000000c2100000, 0x00000000c2100000|100%| O|  |TAMS 0x00000000c2100000, 0x00000000c2000000| Untracked 
|  33|0x00000000c2100000, 0x00000000c2200000, 0x00000000c2200000|100%| O|  |TAMS 0x00000000c2200000, 0x00000000c2100000| Untracked 
|  34|0x00000000c2200000, 0x00000000c2300000, 0x00000000c2300000|100%| O|  |TAMS 0x00000000c2300000, 0x00000000c2200000| Untracked 
|  35|0x00000000c2300000, 0x00000000c2400000, 0x00000000c2400000|100%| O|  |TAMS 0x00000000c23bd800, 0x00000000c2300000| Untracked 
|  36|0x00000000c2400000, 0x00000000c2500000, 0x00000000c2500000|100%| O|  |TAMS 0x00000000c2400000, 0x00000000c2400000| Untracked 
|  37|0x00000000c2500000, 0x00000000c2600000, 0x00000000c2600000|100%| O|  |TAMS 0x00000000c2500000, 0x00000000c2500000| Untracked 
|  38|0x00000000c2600000, 0x00000000c2700000, 0x00000000c2700000|100%| O|  |TAMS 0x00000000c2600000, 0x00000000c2600000| Untracked 
|  39|0x00000000c2700000, 0x00000000c2800000, 0x00000000c2800000|100%| O|  |TAMS 0x00000000c2700000, 0x00000000c2700000| Untracked 
|  40|0x00000000c2800000, 0x00000000c2900000, 0x00000000c2900000|100%| O|  |TAMS 0x00000000c2800000, 0x00000000c2800000| Untracked 
|  41|0x00000000c2900000, 0x00000000c2a00000, 0x00000000c2a00000|100%| O|  |TAMS 0x00000000c2900000, 0x00000000c2900000| Untracked 
|  42|0x00000000c2a00000, 0x00000000c2b00000, 0x00000000c2b00000|100%| O|  |TAMS 0x00000000c2a00000, 0x00000000c2a00000| Untracked 
|  43|0x00000000c2b00000, 0x00000000c2c00000, 0x00000000c2c00000|100%| O|  |TAMS 0x00000000c2b00000, 0x00000000c2b00000| Untracked 
|  44|0x00000000c2c00000, 0x00000000c2d00000, 0x00000000c2d00000|100%| O|  |TAMS 0x00000000c2c00000, 0x00000000c2c00000| Untracked 
|  45|0x00000000c2d00000, 0x00000000c2e00000, 0x00000000c2e00000|100%| O|  |TAMS 0x00000000c2d00000, 0x00000000c2d00000| Untracked 
|  46|0x00000000c2e00000, 0x00000000c2f00000, 0x00000000c2f00000|100%|HS|  |TAMS 0x00000000c2e00000, 0x00000000c2e00000| Complete 
|  47|0x00000000c2f00000, 0x00000000c2f00000, 0x00000000c3000000|  0%| F|  |TAMS 0x00000000c2f00000, 0x00000000c2f00000| Untracked 
|  48|0x00000000c3000000, 0x00000000c3000000, 0x00000000c3100000|  0%| F|  |TAMS 0x00000000c3000000, 0x00000000c3000000| Untracked 
|  49|0x00000000c3100000, 0x00000000c3200000, 0x00000000c3200000|100%|HS|  |TAMS 0x00000000c3100000, 0x00000000c3100000| Complete 
|  50|0x00000000c3200000, 0x00000000c3300000, 0x00000000c3300000|100%|HC|  |TAMS 0x00000000c3200000, 0x00000000c3200000| Complete 
|  51|0x00000000c3300000, 0x00000000c3400000, 0x00000000c3400000|100%|HC|  |TAMS 0x00000000c3300000, 0x00000000c3300000| Complete 
|  52|0x00000000c3400000, 0x00000000c3500000, 0x00000000c3500000|100%|HS|  |TAMS 0x00000000c3400000, 0x00000000c3400000| Complete 
|  53|0x00000000c3500000, 0x00000000c3600000, 0x00000000c3600000|100%|HC|  |TAMS 0x00000000c3500000, 0x00000000c3500000| Complete 
|  54|0x00000000c3600000, 0x00000000c3700000, 0x00000000c3700000|100%|HC|  |TAMS 0x00000000c3600000, 0x00000000c3600000| Complete 
|  55|0x00000000c3700000, 0x00000000c3700000, 0x00000000c3800000|  0%| F|  |TAMS 0x00000000c3700000, 0x00000000c3700000| Untracked 
|  56|0x00000000c3800000, 0x00000000c3900000, 0x00000000c3900000|100%|HS|  |TAMS 0x00000000c3800000, 0x00000000c3800000| Complete 
|  57|0x00000000c3900000, 0x00000000c3a00000, 0x00000000c3a00000|100%| O|  |TAMS 0x00000000c3900000, 0x00000000c3900000| Untracked 
|  58|0x00000000c3a00000, 0x00000000c3b00000, 0x00000000c3b00000|100%| O|  |TAMS 0x00000000c3a00000, 0x00000000c3a00000| Untracked 
|  59|0x00000000c3b00000, 0x00000000c3c00000, 0x00000000c3c00000|100%| O|  |TAMS 0x00000000c3b00000, 0x00000000c3b00000| Untracked 
|  60|0x00000000c3c00000, 0x00000000c3d00000, 0x00000000c3d00000|100%| O|  |TAMS 0x00000000c3c00000, 0x00000000c3c00000| Untracked 
|  61|0x00000000c3d00000, 0x00000000c3e00000, 0x00000000c3e00000|100%| O|  |TAMS 0x00000000c3d00000, 0x00000000c3d00000| Untracked 
|  62|0x00000000c3e00000, 0x00000000c3f00000, 0x00000000c3f00000|100%| O|  |TAMS 0x00000000c3e00000, 0x00000000c3e00000| Untracked 
|  63|0x00000000c3f00000, 0x00000000c4000000, 0x00000000c4000000|100%| O|  |TAMS 0x00000000c3f00000, 0x00000000c3f00000| Untracked 
|  64|0x00000000c4000000, 0x00000000c4100000, 0x00000000c4100000|100%| O|  |TAMS 0x00000000c4000000, 0x00000000c4000000| Untracked 
|  65|0x00000000c4100000, 0x00000000c4200000, 0x00000000c4200000|100%| O|  |TAMS 0x00000000c4100000, 0x00000000c4100000| Untracked 
|  66|0x00000000c4200000, 0x00000000c4300000, 0x00000000c4300000|100%| O|  |TAMS 0x00000000c4200000, 0x00000000c4200000| Untracked 
|  67|0x00000000c4300000, 0x00000000c4400000, 0x00000000c4400000|100%| O|  |TAMS 0x00000000c4300000, 0x00000000c4300000| Untracked 
|  68|0x00000000c4400000, 0x00000000c4500000, 0x00000000c4500000|100%| O|  |TAMS 0x00000000c4400000, 0x00000000c4400000| Untracked 
|  69|0x00000000c4500000, 0x00000000c4600000, 0x00000000c4600000|100%| O|  |TAMS 0x00000000c4500000, 0x00000000c4500000| Untracked 
|  70|0x00000000c4600000, 0x00000000c4700000, 0x00000000c4700000|100%| O|  |TAMS 0x00000000c4600000, 0x00000000c4600000| Untracked 
|  71|0x00000000c4700000, 0x00000000c4800000, 0x00000000c4800000|100%| O|  |TAMS 0x00000000c4700000, 0x00000000c4700000| Untracked 
|  72|0x00000000c4800000, 0x00000000c4900000, 0x00000000c4900000|100%| O|  |TAMS 0x00000000c4800000, 0x00000000c4800000| Untracked 
|  73|0x00000000c4900000, 0x00000000c4a00000, 0x00000000c4a00000|100%| O|  |TAMS 0x00000000c4900000, 0x00000000c4900000| Untracked 
|  74|0x00000000c4a00000, 0x00000000c4b00000, 0x00000000c4b00000|100%| O|  |TAMS 0x00000000c4a00000, 0x00000000c4a00000| Untracked 
|  75|0x00000000c4b00000, 0x00000000c4c00000, 0x00000000c4c00000|100%| O|  |TAMS 0x00000000c4b00000, 0x00000000c4b00000| Untracked 
|  76|0x00000000c4c00000, 0x00000000c4d00000, 0x00000000c4d00000|100%| O|  |TAMS 0x00000000c4c00000, 0x00000000c4c00000| Untracked 
|  77|0x00000000c4d00000, 0x00000000c4de5a00, 0x00000000c4e00000| 89%| O|  |TAMS 0x00000000c4d00000, 0x00000000c4d00000| Untracked 
|  78|0x00000000c4e00000, 0x00000000c4e00000, 0x00000000c4f00000|  0%| F|  |TAMS 0x00000000c4e00000, 0x00000000c4e00000| Untracked 
|  79|0x00000000c4f00000, 0x00000000c4f00000, 0x00000000c5000000|  0%| F|  |TAMS 0x00000000c4f00000, 0x00000000c4f00000| Untracked 
|  80|0x00000000c5000000, 0x00000000c5000000, 0x00000000c5100000|  0%| F|  |TAMS 0x00000000c5000000, 0x00000000c5000000| Untracked 
|  81|0x00000000c5100000, 0x00000000c5100000, 0x00000000c5200000|  0%| F|  |TAMS 0x00000000c5100000, 0x00000000c5100000| Untracked 
|  82|0x00000000c5200000, 0x00000000c5200000, 0x00000000c5300000|  0%| F|  |TAMS 0x00000000c5200000, 0x00000000c5200000| Untracked 
|  83|0x00000000c5300000, 0x00000000c5300000, 0x00000000c5400000|  0%| F|  |TAMS 0x00000000c5300000, 0x00000000c5300000| Untracked 
|  84|0x00000000c5400000, 0x00000000c5400000, 0x00000000c5500000|  0%| F|  |TAMS 0x00000000c5400000, 0x00000000c5400000| Untracked 
|  85|0x00000000c5500000, 0x00000000c5500000, 0x00000000c5600000|  0%| F|  |TAMS 0x00000000c5500000, 0x00000000c5500000| Untracked 
|  86|0x00000000c5600000, 0x00000000c5600000, 0x00000000c5700000|  0%| F|  |TAMS 0x00000000c5600000, 0x00000000c5600000| Untracked 
|  87|0x00000000c5700000, 0x00000000c5700000, 0x00000000c5800000|  0%| F|  |TAMS 0x00000000c5700000, 0x00000000c5700000| Untracked 
|  88|0x00000000c5800000, 0x00000000c5800000, 0x00000000c5900000|  0%| F|  |TAMS 0x00000000c5800000, 0x00000000c5800000| Untracked 
|  89|0x00000000c5900000, 0x00000000c5900000, 0x00000000c5a00000|  0%| F|  |TAMS 0x00000000c5900000, 0x00000000c5900000| Untracked 
|  90|0x00000000c5a00000, 0x00000000c5a00000, 0x00000000c5b00000|  0%| F|  |TAMS 0x00000000c5a00000, 0x00000000c5a00000| Untracked 
|  91|0x00000000c5b00000, 0x00000000c5b00000, 0x00000000c5c00000|  0%| F|  |TAMS 0x00000000c5b00000, 0x00000000c5b00000| Untracked 
|  92|0x00000000c5c00000, 0x00000000c5c00000, 0x00000000c5d00000|  0%| F|  |TAMS 0x00000000c5c00000, 0x00000000c5c00000| Untracked 
|  93|0x00000000c5d00000, 0x00000000c5d00000, 0x00000000c5e00000|  0%| F|  |TAMS 0x00000000c5d00000, 0x00000000c5d00000| Untracked 
|  94|0x00000000c5e00000, 0x00000000c5e00000, 0x00000000c5f00000|  0%| F|  |TAMS 0x00000000c5e00000, 0x00000000c5e00000| Untracked 
|  95|0x00000000c5f00000, 0x00000000c5f00000, 0x00000000c6000000|  0%| F|  |TAMS 0x00000000c5f00000, 0x00000000c5f00000| Untracked 
|  96|0x00000000c6000000, 0x00000000c6000000, 0x00000000c6100000|  0%| F|  |TAMS 0x00000000c6000000, 0x00000000c6000000| Untracked 
|  97|0x00000000c6100000, 0x00000000c6100000, 0x00000000c6200000|  0%| F|  |TAMS 0x00000000c6100000, 0x00000000c6100000| Untracked 
|  98|0x00000000c6200000, 0x00000000c6200000, 0x00000000c6300000|  0%| F|  |TAMS 0x00000000c6200000, 0x00000000c6200000| Untracked 
|  99|0x00000000c6300000, 0x00000000c6300000, 0x00000000c6400000|  0%| F|  |TAMS 0x00000000c6300000, 0x00000000c6300000| Untracked 
| 100|0x00000000c6400000, 0x00000000c6400000, 0x00000000c6500000|  0%| F|  |TAMS 0x00000000c6400000, 0x00000000c6400000| Untracked 
| 101|0x00000000c6500000, 0x00000000c6500000, 0x00000000c6600000|  0%| F|  |TAMS 0x00000000c6500000, 0x00000000c6500000| Untracked 
| 102|0x00000000c6600000, 0x00000000c6600000, 0x00000000c6700000|  0%| F|  |TAMS 0x00000000c6600000, 0x00000000c6600000| Untracked 
| 103|0x00000000c6700000, 0x00000000c6700000, 0x00000000c6800000|  0%| F|  |TAMS 0x00000000c6700000, 0x00000000c6700000| Untracked 
| 104|0x00000000c6800000, 0x00000000c6900000, 0x00000000c6900000|100%| S|CS|TAMS 0x00000000c6800000, 0x00000000c6800000| Complete 
| 105|0x00000000c6900000, 0x00000000c6a00000, 0x00000000c6a00000|100%| S|CS|TAMS 0x00000000c6900000, 0x00000000c6900000| Complete 
| 106|0x00000000c6a00000, 0x00000000c6b00000, 0x00000000c6b00000|100%| S|CS|TAMS 0x00000000c6a00000, 0x00000000c6a00000| Complete 
| 107|0x00000000c6b00000, 0x00000000c6c00000, 0x00000000c6c00000|100%| S|CS|TAMS 0x00000000c6b00000, 0x00000000c6b00000| Complete 
| 108|0x00000000c6c00000, 0x00000000c6d00000, 0x00000000c6d00000|100%| S|CS|TAMS 0x00000000c6c00000, 0x00000000c6c00000| Complete 
| 109|0x00000000c6d00000, 0x00000000c6e00000, 0x00000000c6e00000|100%| S|CS|TAMS 0x00000000c6d00000, 0x00000000c6d00000| Complete 
| 110|0x00000000c6e00000, 0x00000000c6f00000, 0x00000000c6f00000|100%| S|CS|TAMS 0x00000000c6e00000, 0x00000000c6e00000| Complete 
| 111|0x00000000c6f00000, 0x00000000c7000000, 0x00000000c7000000|100%| S|CS|TAMS 0x00000000c6f00000, 0x00000000c6f00000| Complete 
| 112|0x00000000c7000000, 0x00000000c7100000, 0x00000000c7100000|100%| S|CS|TAMS 0x00000000c7000000, 0x00000000c7000000| Complete 
| 113|0x00000000c7100000, 0x00000000c7200000, 0x00000000c7200000|100%| S|CS|TAMS 0x00000000c7100000, 0x00000000c7100000| Complete 
| 114|0x00000000c7200000, 0x00000000c7300000, 0x00000000c7300000|100%| S|CS|TAMS 0x00000000c7200000, 0x00000000c7200000| Complete 
| 115|0x00000000c7300000, 0x00000000c7300000, 0x00000000c7400000|  0%| F|  |TAMS 0x00000000c7300000, 0x00000000c7300000| Untracked 
| 116|0x00000000c7400000, 0x00000000c7400000, 0x00000000c7500000|  0%| F|  |TAMS 0x00000000c7400000, 0x00000000c7400000| Untracked 
| 117|0x00000000c7500000, 0x00000000c7500000, 0x00000000c7600000|  0%| F|  |TAMS 0x00000000c7500000, 0x00000000c7500000| Untracked 
| 118|0x00000000c7600000, 0x00000000c7600000, 0x00000000c7700000|  0%| F|  |TAMS 0x00000000c7600000, 0x00000000c7600000| Untracked 
| 119|0x00000000c7700000, 0x00000000c7700000, 0x00000000c7800000|  0%| F|  |TAMS 0x00000000c7700000, 0x00000000c7700000| Untracked 
| 120|0x00000000c7800000, 0x00000000c7800000, 0x00000000c7900000|  0%| F|  |TAMS 0x00000000c7800000, 0x00000000c7800000| Untracked 
| 121|0x00000000c7900000, 0x00000000c7900000, 0x00000000c7a00000|  0%| F|  |TAMS 0x00000000c7900000, 0x00000000c7900000| Untracked 
| 122|0x00000000c7a00000, 0x00000000c7a00000, 0x00000000c7b00000|  0%| F|  |TAMS 0x00000000c7a00000, 0x00000000c7a00000| Untracked 
| 123|0x00000000c7b00000, 0x00000000c7b00000, 0x00000000c7c00000|  0%| F|  |TAMS 0x00000000c7b00000, 0x00000000c7b00000| Untracked 
| 124|0x00000000c7c00000, 0x00000000c7c00000, 0x00000000c7d00000|  0%| F|  |TAMS 0x00000000c7c00000, 0x00000000c7c00000| Untracked 
| 125|0x00000000c7d00000, 0x00000000c7d00000, 0x00000000c7e00000|  0%| F|  |TAMS 0x00000000c7d00000, 0x00000000c7d00000| Untracked 
| 126|0x00000000c7e00000, 0x00000000c7e00000, 0x00000000c7f00000|  0%| F|  |TAMS 0x00000000c7e00000, 0x00000000c7e00000| Untracked 
| 127|0x00000000c7f00000, 0x00000000c7f00000, 0x00000000c8000000|  0%| F|  |TAMS 0x00000000c7f00000, 0x00000000c7f00000| Untracked 
| 128|0x00000000c8000000, 0x00000000c8000000, 0x00000000c8100000|  0%| F|  |TAMS 0x00000000c8000000, 0x00000000c8000000| Untracked 
| 129|0x00000000c8100000, 0x00000000c8100000, 0x00000000c8200000|  0%| F|  |TAMS 0x00000000c8100000, 0x00000000c8100000| Untracked 
| 130|0x00000000c8200000, 0x00000000c8200000, 0x00000000c8300000|  0%| F|  |TAMS 0x00000000c8200000, 0x00000000c8200000| Untracked 
| 131|0x00000000c8300000, 0x00000000c8400000, 0x00000000c8400000|100%| S|CS|TAMS 0x00000000c8300000, 0x00000000c8300000| Complete 
| 132|0x00000000c8400000, 0x00000000c8500000, 0x00000000c8500000|100%| S|CS|TAMS 0x00000000c8400000, 0x00000000c8400000| Complete 
| 133|0x00000000c8500000, 0x00000000c8600000, 0x00000000c8600000|100%| S|CS|TAMS 0x00000000c8500000, 0x00000000c8500000| Complete 
| 134|0x00000000c8600000, 0x00000000c8700000, 0x00000000c8700000|100%| S|CS|TAMS 0x00000000c8600000, 0x00000000c8600000| Complete 
| 135|0x00000000c8700000, 0x00000000c8800000, 0x00000000c8800000|100%| S|CS|TAMS 0x00000000c8700000, 0x00000000c8700000| Complete 
| 136|0x00000000c8800000, 0x00000000c8900000, 0x00000000c8900000|100%| S|CS|TAMS 0x00000000c8800000, 0x00000000c8800000| Complete 
| 137|0x00000000c8900000, 0x00000000c8900000, 0x00000000c8a00000|  0%| F|  |TAMS 0x00000000c8900000, 0x00000000c8900000| Untracked 
| 138|0x00000000c8a00000, 0x00000000c8a00000, 0x00000000c8b00000|  0%| F|  |TAMS 0x00000000c8a00000, 0x00000000c8a00000| Untracked 
| 139|0x00000000c8b00000, 0x00000000c8b00000, 0x00000000c8c00000|  0%| F|  |TAMS 0x00000000c8b00000, 0x00000000c8b00000| Untracked 
| 140|0x00000000c8c00000, 0x00000000c8c00000, 0x00000000c8d00000|  0%| F|  |TAMS 0x00000000c8c00000, 0x00000000c8c00000| Untracked 
| 141|0x00000000c8d00000, 0x00000000c8d00000, 0x00000000c8e00000|  0%| F|  |TAMS 0x00000000c8d00000, 0x00000000c8d00000| Untracked 
| 142|0x00000000c8e00000, 0x00000000c8e00000, 0x00000000c8f00000|  0%| F|  |TAMS 0x00000000c8e00000, 0x00000000c8e00000| Untracked 
| 143|0x00000000c8f00000, 0x00000000c8f00000, 0x00000000c9000000|  0%| F|  |TAMS 0x00000000c8f00000, 0x00000000c8f00000| Untracked 
| 144|0x00000000c9000000, 0x00000000c9000000, 0x00000000c9100000|  0%| F|  |TAMS 0x00000000c9000000, 0x00000000c9000000| Untracked 
| 145|0x00000000c9100000, 0x00000000c9100000, 0x00000000c9200000|  0%| F|  |TAMS 0x00000000c9100000, 0x00000000c9100000| Untracked 
| 146|0x00000000c9200000, 0x00000000c9200000, 0x00000000c9300000|  0%| F|  |TAMS 0x00000000c9200000, 0x00000000c9200000| Untracked 
| 147|0x00000000c9300000, 0x00000000c9300000, 0x00000000c9400000|  0%| F|  |TAMS 0x00000000c9300000, 0x00000000c9300000| Untracked 
| 148|0x00000000c9400000, 0x00000000c9400000, 0x00000000c9500000|  0%| F|  |TAMS 0x00000000c9400000, 0x00000000c9400000| Untracked 
| 149|0x00000000c9500000, 0x00000000c9500000, 0x00000000c9600000|  0%| F|  |TAMS 0x00000000c9500000, 0x00000000c9500000| Untracked 
| 150|0x00000000c9600000, 0x00000000c9600000, 0x00000000c9700000|  0%| F|  |TAMS 0x00000000c9600000, 0x00000000c9600000| Untracked 
| 151|0x00000000c9700000, 0x00000000c9700000, 0x00000000c9800000|  0%| F|  |TAMS 0x00000000c9700000, 0x00000000c9700000| Untracked 
| 152|0x00000000c9800000, 0x00000000c9800000, 0x00000000c9900000|  0%| F|  |TAMS 0x00000000c9800000, 0x00000000c9800000| Untracked 
| 153|0x00000000c9900000, 0x00000000c9900000, 0x00000000c9a00000|  0%| F|  |TAMS 0x00000000c9900000, 0x00000000c9900000| Untracked 
| 154|0x00000000c9a00000, 0x00000000c9a00000, 0x00000000c9b00000|  0%| F|  |TAMS 0x00000000c9a00000, 0x00000000c9a00000| Untracked 
| 155|0x00000000c9b00000, 0x00000000c9b00000, 0x00000000c9c00000|  0%| F|  |TAMS 0x00000000c9b00000, 0x00000000c9b00000| Untracked 
| 156|0x00000000c9c00000, 0x00000000c9c00000, 0x00000000c9d00000|  0%| F|  |TAMS 0x00000000c9c00000, 0x00000000c9c00000| Untracked 
| 157|0x00000000c9d00000, 0x00000000c9d00000, 0x00000000c9e00000|  0%| F|  |TAMS 0x00000000c9d00000, 0x00000000c9d00000| Untracked 
| 158|0x00000000c9e00000, 0x00000000c9e00000, 0x00000000c9f00000|  0%| F|  |TAMS 0x00000000c9e00000, 0x00000000c9e00000| Untracked 
| 159|0x00000000c9f00000, 0x00000000c9f00000, 0x00000000ca000000|  0%| F|  |TAMS 0x00000000c9f00000, 0x00000000c9f00000| Untracked 
| 160|0x00000000ca000000, 0x00000000ca000000, 0x00000000ca100000|  0%| F|  |TAMS 0x00000000ca000000, 0x00000000ca000000| Untracked 
| 161|0x00000000ca100000, 0x00000000ca100000, 0x00000000ca200000|  0%| F|  |TAMS 0x00000000ca100000, 0x00000000ca100000| Untracked 
| 162|0x00000000ca200000, 0x00000000ca200000, 0x00000000ca300000|  0%| F|  |TAMS 0x00000000ca200000, 0x00000000ca200000| Untracked 
| 163|0x00000000ca300000, 0x00000000ca300000, 0x00000000ca400000|  0%| F|  |TAMS 0x00000000ca300000, 0x00000000ca300000| Untracked 
| 164|0x00000000ca400000, 0x00000000ca400000, 0x00000000ca500000|  0%| F|  |TAMS 0x00000000ca400000, 0x00000000ca400000| Untracked 
| 165|0x00000000ca500000, 0x00000000ca500000, 0x00000000ca600000|  0%| F|  |TAMS 0x00000000ca500000, 0x00000000ca500000| Untracked 
| 166|0x00000000ca600000, 0x00000000ca600000, 0x00000000ca700000|  0%| F|  |TAMS 0x00000000ca600000, 0x00000000ca600000| Untracked 
| 167|0x00000000ca700000, 0x00000000ca700000, 0x00000000ca800000|  0%| F|  |TAMS 0x00000000ca700000, 0x00000000ca700000| Untracked 
| 168|0x00000000ca800000, 0x00000000ca800000, 0x00000000ca900000|  0%| F|  |TAMS 0x00000000ca800000, 0x00000000ca800000| Untracked 
| 169|0x00000000ca900000, 0x00000000ca900000, 0x00000000caa00000|  0%| F|  |TAMS 0x00000000ca900000, 0x00000000ca900000| Untracked 
| 170|0x00000000caa00000, 0x00000000caa00000, 0x00000000cab00000|  0%| F|  |TAMS 0x00000000caa00000, 0x00000000caa00000| Untracked 
| 171|0x00000000cab00000, 0x00000000cab00000, 0x00000000cac00000|  0%| F|  |TAMS 0x00000000cab00000, 0x00000000cab00000| Untracked 
| 172|0x00000000cac00000, 0x00000000cac00000, 0x00000000cad00000|  0%| F|  |TAMS 0x00000000cac00000, 0x00000000cac00000| Untracked 
| 173|0x00000000cad00000, 0x00000000cad00000, 0x00000000cae00000|  0%| F|  |TAMS 0x00000000cad00000, 0x00000000cad00000| Untracked 
| 174|0x00000000cae00000, 0x00000000cae00000, 0x00000000caf00000|  0%| F|  |TAMS 0x00000000cae00000, 0x00000000cae00000| Untracked 
| 175|0x00000000caf00000, 0x00000000caf00000, 0x00000000cb000000|  0%| F|  |TAMS 0x00000000caf00000, 0x00000000caf00000| Untracked 
| 176|0x00000000cb000000, 0x00000000cb000000, 0x00000000cb100000|  0%| F|  |TAMS 0x00000000cb000000, 0x00000000cb000000| Untracked 
| 177|0x00000000cb100000, 0x00000000cb100000, 0x00000000cb200000|  0%| F|  |TAMS 0x00000000cb100000, 0x00000000cb100000| Untracked 
| 178|0x00000000cb200000, 0x00000000cb200000, 0x00000000cb300000|  0%| F|  |TAMS 0x00000000cb200000, 0x00000000cb200000| Untracked 
| 179|0x00000000cb300000, 0x00000000cb300000, 0x00000000cb400000|  0%| F|  |TAMS 0x00000000cb300000, 0x00000000cb300000| Untracked 
| 180|0x00000000cb400000, 0x00000000cb400000, 0x00000000cb500000|  0%| F|  |TAMS 0x00000000cb400000, 0x00000000cb400000| Untracked 
| 181|0x00000000cb500000, 0x00000000cb500000, 0x00000000cb600000|  0%| F|  |TAMS 0x00000000cb500000, 0x00000000cb500000| Untracked 
| 182|0x00000000cb600000, 0x00000000cb600000, 0x00000000cb700000|  0%| F|  |TAMS 0x00000000cb600000, 0x00000000cb600000| Untracked 
| 183|0x00000000cb700000, 0x00000000cb700000, 0x00000000cb800000|  0%| F|  |TAMS 0x00000000cb700000, 0x00000000cb700000| Untracked 
| 184|0x00000000cb800000, 0x00000000cb800000, 0x00000000cb900000|  0%| F|  |TAMS 0x00000000cb800000, 0x00000000cb800000| Untracked 
| 185|0x00000000cb900000, 0x00000000cb900000, 0x00000000cba00000|  0%| F|  |TAMS 0x00000000cb900000, 0x00000000cb900000| Untracked 
| 186|0x00000000cba00000, 0x00000000cba00000, 0x00000000cbb00000|  0%| F|  |TAMS 0x00000000cba00000, 0x00000000cba00000| Untracked 
| 187|0x00000000cbb00000, 0x00000000cbb00000, 0x00000000cbc00000|  0%| F|  |TAMS 0x00000000cbb00000, 0x00000000cbb00000| Untracked 
| 188|0x00000000cbc00000, 0x00000000cbc00000, 0x00000000cbd00000|  0%| F|  |TAMS 0x00000000cbc00000, 0x00000000cbc00000| Untracked 
| 189|0x00000000cbd00000, 0x00000000cbd00000, 0x00000000cbe00000|  0%| F|  |TAMS 0x00000000cbd00000, 0x00000000cbd00000| Untracked 
| 190|0x00000000cbe00000, 0x00000000cbe00000, 0x00000000cbf00000|  0%| F|  |TAMS 0x00000000cbe00000, 0x00000000cbe00000| Untracked 
| 191|0x00000000cbf00000, 0x00000000cbf00000, 0x00000000cc000000|  0%| F|  |TAMS 0x00000000cbf00000, 0x00000000cbf00000| Untracked 
| 192|0x00000000cc000000, 0x00000000cc000000, 0x00000000cc100000|  0%| F|  |TAMS 0x00000000cc000000, 0x00000000cc000000| Untracked 
| 193|0x00000000cc100000, 0x00000000cc100000, 0x00000000cc200000|  0%| F|  |TAMS 0x00000000cc100000, 0x00000000cc100000| Untracked 
| 194|0x00000000cc200000, 0x00000000cc200000, 0x00000000cc300000|  0%| F|  |TAMS 0x00000000cc200000, 0x00000000cc200000| Untracked 
| 195|0x00000000cc300000, 0x00000000cc300000, 0x00000000cc400000|  0%| F|  |TAMS 0x00000000cc300000, 0x00000000cc300000| Untracked 
| 196|0x00000000cc400000, 0x00000000cc400000, 0x00000000cc500000|  0%| F|  |TAMS 0x00000000cc400000, 0x00000000cc400000| Untracked 
| 197|0x00000000cc500000, 0x00000000cc500000, 0x00000000cc600000|  0%| F|  |TAMS 0x00000000cc500000, 0x00000000cc500000| Untracked 
| 198|0x00000000cc600000, 0x00000000cc600000, 0x00000000cc700000|  0%| F|  |TAMS 0x00000000cc600000, 0x00000000cc600000| Untracked 
| 199|0x00000000cc700000, 0x00000000cc700000, 0x00000000cc800000|  0%| F|  |TAMS 0x00000000cc700000, 0x00000000cc700000| Untracked 
| 200|0x00000000cc800000, 0x00000000cc800000, 0x00000000cc900000|  0%| F|  |TAMS 0x00000000cc800000, 0x00000000cc800000| Untracked 
| 201|0x00000000cc900000, 0x00000000cc900000, 0x00000000cca00000|  0%| F|  |TAMS 0x00000000cc900000, 0x00000000cc900000| Untracked 
| 202|0x00000000cca00000, 0x00000000cca00000, 0x00000000ccb00000|  0%| F|  |TAMS 0x00000000cca00000, 0x00000000cca00000| Untracked 
| 203|0x00000000ccb00000, 0x00000000ccb00000, 0x00000000ccc00000|  0%| F|  |TAMS 0x00000000ccb00000, 0x00000000ccb00000| Untracked 
| 204|0x00000000ccc00000, 0x00000000ccc00000, 0x00000000ccd00000|  0%| F|  |TAMS 0x00000000ccc00000, 0x00000000ccc00000| Untracked 
| 205|0x00000000ccd00000, 0x00000000ccd00000, 0x00000000cce00000|  0%| F|  |TAMS 0x00000000ccd00000, 0x00000000ccd00000| Untracked 
| 206|0x00000000cce00000, 0x00000000cce00000, 0x00000000ccf00000|  0%| F|  |TAMS 0x00000000cce00000, 0x00000000cce00000| Untracked 
| 207|0x00000000ccf00000, 0x00000000ccf00000, 0x00000000cd000000|  0%| F|  |TAMS 0x00000000ccf00000, 0x00000000ccf00000| Untracked 
| 208|0x00000000cd000000, 0x00000000cd000000, 0x00000000cd100000|  0%| F|  |TAMS 0x00000000cd000000, 0x00000000cd000000| Untracked 
| 209|0x00000000cd100000, 0x00000000cd200000, 0x00000000cd200000|100%| E|  |TAMS 0x00000000cd100000, 0x00000000cd100000| Complete 
| 210|0x00000000cd200000, 0x00000000cd300000, 0x00000000cd300000|100%| E|CS|TAMS 0x00000000cd200000, 0x00000000cd200000| Complete 
| 211|0x00000000cd300000, 0x00000000cd400000, 0x00000000cd400000|100%| E|CS|TAMS 0x00000000cd300000, 0x00000000cd300000| Complete 
| 212|0x00000000cd400000, 0x00000000cd500000, 0x00000000cd500000|100%| E|CS|TAMS 0x00000000cd400000, 0x00000000cd400000| Complete 
| 213|0x00000000cd500000, 0x00000000cd600000, 0x00000000cd600000|100%| E|CS|TAMS 0x00000000cd500000, 0x00000000cd500000| Complete 
| 214|0x00000000cd600000, 0x00000000cd700000, 0x00000000cd700000|100%| E|CS|TAMS 0x00000000cd600000, 0x00000000cd600000| Complete 
| 215|0x00000000cd700000, 0x00000000cd800000, 0x00000000cd800000|100%| E|CS|TAMS 0x00000000cd700000, 0x00000000cd700000| Complete 
| 216|0x00000000cd800000, 0x00000000cd900000, 0x00000000cd900000|100%| E|CS|TAMS 0x00000000cd800000, 0x00000000cd800000| Complete 
| 217|0x00000000cd900000, 0x00000000cda00000, 0x00000000cda00000|100%| E|CS|TAMS 0x00000000cd900000, 0x00000000cd900000| Complete 
| 218|0x00000000cda00000, 0x00000000cdb00000, 0x00000000cdb00000|100%| E|CS|TAMS 0x00000000cda00000, 0x00000000cda00000| Complete 
| 219|0x00000000cdb00000, 0x00000000cdc00000, 0x00000000cdc00000|100%| E|CS|TAMS 0x00000000cdb00000, 0x00000000cdb00000| Complete 
| 220|0x00000000cdc00000, 0x00000000cdd00000, 0x00000000cdd00000|100%| E|CS|TAMS 0x00000000cdc00000, 0x00000000cdc00000| Complete 
| 221|0x00000000cdd00000, 0x00000000cde00000, 0x00000000cde00000|100%| E|CS|TAMS 0x00000000cdd00000, 0x00000000cdd00000| Complete 
| 222|0x00000000cde00000, 0x00000000cdf00000, 0x00000000cdf00000|100%| E|CS|TAMS 0x00000000cde00000, 0x00000000cde00000| Complete 
| 223|0x00000000cdf00000, 0x00000000ce000000, 0x00000000ce000000|100%| E|CS|TAMS 0x00000000cdf00000, 0x00000000cdf00000| Complete 
| 224|0x00000000ce000000, 0x00000000ce100000, 0x00000000ce100000|100%| E|CS|TAMS 0x00000000ce000000, 0x00000000ce000000| Complete 
| 225|0x00000000ce100000, 0x00000000ce200000, 0x00000000ce200000|100%| E|CS|TAMS 0x00000000ce100000, 0x00000000ce100000| Complete 
| 226|0x00000000ce200000, 0x00000000ce300000, 0x00000000ce300000|100%| E|CS|TAMS 0x00000000ce200000, 0x00000000ce200000| Complete 
| 227|0x00000000ce300000, 0x00000000ce400000, 0x00000000ce400000|100%| E|CS|TAMS 0x00000000ce300000, 0x00000000ce300000| Complete 
| 228|0x00000000ce400000, 0x00000000ce500000, 0x00000000ce500000|100%| E|CS|TAMS 0x00000000ce400000, 0x00000000ce400000| Complete 
| 229|0x00000000ce500000, 0x00000000ce600000, 0x00000000ce600000|100%| E|CS|TAMS 0x00000000ce500000, 0x00000000ce500000| Complete 
| 230|0x00000000ce600000, 0x00000000ce700000, 0x00000000ce700000|100%| E|CS|TAMS 0x00000000ce600000, 0x00000000ce600000| Complete 
| 231|0x00000000ce700000, 0x00000000ce800000, 0x00000000ce800000|100%| E|CS|TAMS 0x00000000ce700000, 0x00000000ce700000| Complete 
| 232|0x00000000ce800000, 0x00000000ce900000, 0x00000000ce900000|100%| E|CS|TAMS 0x00000000ce800000, 0x00000000ce800000| Complete 
| 233|0x00000000ce900000, 0x00000000cea00000, 0x00000000cea00000|100%| E|CS|TAMS 0x00000000ce900000, 0x00000000ce900000| Complete 
| 234|0x00000000cea00000, 0x00000000ceb00000, 0x00000000ceb00000|100%| E|CS|TAMS 0x00000000cea00000, 0x00000000cea00000| Complete 
| 235|0x00000000ceb00000, 0x00000000cec00000, 0x00000000cec00000|100%| E|CS|TAMS 0x00000000ceb00000, 0x00000000ceb00000| Complete 
| 236|0x00000000cec00000, 0x00000000ced00000, 0x00000000ced00000|100%| E|CS|TAMS 0x00000000cec00000, 0x00000000cec00000| Complete 
| 237|0x00000000ced00000, 0x00000000cee00000, 0x00000000cee00000|100%| E|CS|TAMS 0x00000000ced00000, 0x00000000ced00000| Complete 
| 238|0x00000000cee00000, 0x00000000cef00000, 0x00000000cef00000|100%| E|CS|TAMS 0x00000000cee00000, 0x00000000cee00000| Complete 
| 239|0x00000000cef00000, 0x00000000cf000000, 0x00000000cf000000|100%| E|CS|TAMS 0x00000000cef00000, 0x00000000cef00000| Complete 
| 240|0x00000000cf000000, 0x00000000cf100000, 0x00000000cf100000|100%| E|CS|TAMS 0x00000000cf000000, 0x00000000cf000000| Complete 
| 241|0x00000000cf100000, 0x00000000cf200000, 0x00000000cf200000|100%| E|CS|TAMS 0x00000000cf100000, 0x00000000cf100000| Complete 
| 242|0x00000000cf200000, 0x00000000cf300000, 0x00000000cf300000|100%| E|CS|TAMS 0x00000000cf200000, 0x00000000cf200000| Complete 
| 243|0x00000000cf300000, 0x00000000cf400000, 0x00000000cf400000|100%| E|CS|TAMS 0x00000000cf300000, 0x00000000cf300000| Complete 
| 244|0x00000000cf400000, 0x00000000cf500000, 0x00000000cf500000|100%| E|CS|TAMS 0x00000000cf400000, 0x00000000cf400000| Complete 
| 245|0x00000000cf500000, 0x00000000cf600000, 0x00000000cf600000|100%| E|CS|TAMS 0x00000000cf500000, 0x00000000cf500000| Complete 
| 246|0x00000000cf600000, 0x00000000cf700000, 0x00000000cf700000|100%| E|CS|TAMS 0x00000000cf600000, 0x00000000cf600000| Complete 
| 247|0x00000000cf700000, 0x00000000cf800000, 0x00000000cf800000|100%| E|CS|TAMS 0x00000000cf700000, 0x00000000cf700000| Complete 
| 248|0x00000000cf800000, 0x00000000cf900000, 0x00000000cf900000|100%| E|CS|TAMS 0x00000000cf800000, 0x00000000cf800000| Complete 
| 249|0x00000000cf900000, 0x00000000cfa00000, 0x00000000cfa00000|100%| E|CS|TAMS 0x00000000cf900000, 0x00000000cf900000| Complete 
| 250|0x00000000cfa00000, 0x00000000cfb00000, 0x00000000cfb00000|100%| E|CS|TAMS 0x00000000cfa00000, 0x00000000cfa00000| Complete 
| 251|0x00000000cfb00000, 0x00000000cfc00000, 0x00000000cfc00000|100%| E|CS|TAMS 0x00000000cfb00000, 0x00000000cfb00000| Complete 
| 252|0x00000000cfc00000, 0x00000000cfd00000, 0x00000000cfd00000|100%| E|CS|TAMS 0x00000000cfc00000, 0x00000000cfc00000| Complete 
| 253|0x00000000cfd00000, 0x00000000cfe00000, 0x00000000cfe00000|100%| E|CS|TAMS 0x00000000cfd00000, 0x00000000cfd00000| Complete 
| 254|0x00000000cfe00000, 0x00000000cff00000, 0x00000000cff00000|100%| E|CS|TAMS 0x00000000cfe00000, 0x00000000cfe00000| Complete 
| 255|0x00000000cff00000, 0x00000000d0000000, 0x00000000d0000000|100%| E|CS|TAMS 0x00000000cff00000, 0x00000000cff00000| Complete 

Card table byte_map: [0x00000139de030000,0x00000139de230000] _byte_map_base: 0x00000139dda30000

Marking Bits (Prev, Next): (CMBitMap*) 0x00000139c87fc5e0, (CMBitMap*) 0x00000139c87fc620
 Prev Bits: [0x00000139de430000, 0x00000139df430000)
 Next Bits: [0x00000139df430000, 0x00000139e0430000)

Polling page: 0x00000139c7f70000

Metaspace:

Usage:
  Non-class:     36.43 MB used.
      Class:      4.16 MB used.
       Both:     40.59 MB used.

Virtual space:
  Non-class space:       64.00 MB reserved,      36.56 MB ( 57%) committed,  1 nodes.
      Class space:        1.00 GB reserved,       4.31 MB ( <1%) committed,  1 nodes.
             Both:        1.06 GB reserved,      40.88 MB (  4%) committed. 

Chunk freelists:
   Non-Class:  10.86 MB
       Class:  11.51 MB
        Both:  22.37 MB

MaxMetaspaceSize: unlimited
CompressedClassSpaceSize: 1.00 GB
Initial GC threshold: 21.00 MB
Current GC threshold: 58.88 MB
CDS: off
MetaspaceReclaimPolicy: balanced
 - commit_granule_bytes: 65536.
 - commit_granule_words: 8192.
 - virtual_space_node_default_size: 8388608.
 - enlarge_chunks_in_place: 1.
 - new_chunks_are_fully_committed: 0.
 - uncommit_free_chunks: 1.
 - use_allocation_guard: 0.
 - handle_deallocations: 1.


Internal statistics:

num_allocs_failed_limit: 6.
num_arena_births: 302.
num_arena_deaths: 32.
num_vsnodes_births: 2.
num_vsnodes_deaths: 0.
num_space_committed: 651.
num_space_uncommitted: 0.
num_chunks_returned_to_freelist: 54.
num_chunks_taken_from_freelist: 1418.
num_chunk_merges: 6.
num_chunk_splits: 958.
num_chunks_enlarged: 699.
num_inconsistent_stats: 0.

CodeHeap 'non-profiled nmethods': size=120000Kb used=2331Kb max_used=2566Kb free=117668Kb
 bounds [0x00000139d63b0000, 0x00000139d6640000, 0x00000139dd8e0000]
CodeHeap 'profiled nmethods': size=120000Kb used=10097Kb max_used=12643Kb free=109902Kb
 bounds [0x00000139ce8e0000, 0x00000139cf540000, 0x00000139d5e10000]
CodeHeap 'non-nmethods': size=5760Kb used=1263Kb max_used=1392Kb free=4496Kb
 bounds [0x00000139d5e10000, 0x00000139d6080000, 0x00000139d63b0000]
 total_blobs=5717 nmethods=5135 adapters=494
 compilation: enabled
              stopped_count=0, restarted_count=0
 full_count=0

Compilation events (20 events):
Event: 8.370 Thread 0x00000139e9057f90 nmethod 5882 0x00000139d6422d90 code [0x00000139d6422f40, 0x00000139d6423a58]
Event: 8.370 Thread 0x00000139e9057f90 5885       4       io.ballerina.tools.text.TextRange::from (10 bytes)
Event: 8.371 Thread 0x00000139e9057f90 nmethod 5885 0x00000139d63fc410 code [0x00000139d63fc580, 0x00000139d63fc658]
Event: 8.371 Thread 0x00000139e9057f90 5901   !   4       sun.nio.ch.NativeThreadSet::remove (50 bytes)
Event: 8.374 Thread 0x00000139e9057f90 nmethod 5901 0x00000139d6488b90 code [0x00000139d6488d20, 0x00000139d6488f58]
Event: 8.374 Thread 0x00000139e9057f90 5913       4       com.google.gson.internal.bind.CollectionTypeAdapterFactory$Adapter::read (6 bytes)
Event: 8.407 Thread 0x00000139e9057f90 nmethod 5913 0x00000139d6437390 code [0x00000139d64375a0, 0x00000139d6438268]
Event: 8.407 Thread 0x00000139e9057f90 5895       4       java.util.regex.Matcher::find (69 bytes)
Event: 8.409 Thread 0x00000139e9057f90 nmethod 5895 0x00000139d647ba90 code [0x00000139d647bc20, 0x00000139d647bd28]
Event: 8.409 Thread 0x00000139e9057f90 5905       4       org.wso2.ballerinalang.compiler.BIRPackageSymbolEnter::getPackageId (120 bytes)
Event: 8.446 Thread 0x00000139e9057f90 nmethod 5905 0x00000139d65f9e90 code [0x00000139d65fa0c0, 0x00000139d65fb3a8]
Event: 8.447 Thread 0x00000139e9057f90 5977       4       java.util.Formatter$FormatSpecifier::print (230 bytes)
Event: 8.453 Thread 0x00000139e9057f90 nmethod 5977 0x00000139d64de310 code [0x00000139d64de500, 0x00000139d64de840]
Event: 8.454 Thread 0x00000139e9057f90 5978       4       java.util.Formatter$Conversion::isValid (358 bytes)
Event: 8.455 Thread 0x00000139e9057f90 nmethod 5978 0x00000139d64e8610 code [0x00000139d64e8780, 0x00000139d64e8878]
Event: 8.455 Thread 0x00000139e9057f90 5974       4       java.lang.StringUTF16::inflate (42 bytes)
Event: 8.465 Thread 0x00000139e9057f90 nmethod 5974 0x00000139d652fb90 code [0x00000139d652fd20, 0x00000139d6530068]
Event: 8.465 Thread 0x00000139e9057f90 5980       4       java.util.HashMap$HashIterator::<init> (79 bytes)
Event: 8.474 Thread 0x00000139e9057f90 nmethod 5980 0x00000139d641cf10 code [0x00000139d641d0a0, 0x00000139d641d478]
Event: 8.474 Thread 0x00000139e9057f90 5979       4       java.util.regex.Pattern$CharPropertyGreedy::match (160 bytes)

GC Heap History (16 events):
Event: 1.187 GC heap before
{Heap before GC invocations=0 (full 0):
 garbage-first heap   total 262144K, used 25600K [0x00000000c0000000, 0x0000000100000000)
  region size 1024K, 23 young (23552K), 0 survivors (0K)
 Metaspace       used 16252K, committed 16448K, reserved 1114112K
  class space    used 1558K, committed 1664K, reserved 1048576K
}
Event: 1.194 GC heap after
{Heap after GC invocations=1 (full 0):
 garbage-first heap   total 262144K, used 11051K [0x00000000c0000000, 0x0000000100000000)
  region size 1024K, 3 young (3072K), 3 survivors (3072K)
 Metaspace       used 16252K, committed 16448K, reserved 1114112K
  class space    used 1558K, committed 1664K, reserved 1048576K
}
Event: 1.765 GC heap before
{Heap before GC invocations=1 (full 0):
 garbage-first heap   total 262144K, used 29483K [0x00000000c0000000, 0x0000000100000000)
  region size 1024K, 21 young (21504K), 3 survivors (3072K)
 Metaspace       used 21038K, committed 21248K, reserved 1114112K
  class space    used 2062K, committed 2176K, reserved 1048576K
}
Event: 1.771 GC heap after
{Heap after GC invocations=2 (full 0):
 garbage-first heap   total 262144K, used 13183K [0x00000000c0000000, 0x0000000100000000)
  region size 1024K, 2 young (2048K), 2 survivors (2048K)
 Metaspace       used 21038K, committed 21248K, reserved 1114112K
  class space    used 2062K, committed 2176K, reserved 1048576K
}
Event: 1.830 GC heap before
{Heap before GC invocations=2 (full 0):
 garbage-first heap   total 262144K, used 15231K [0x00000000c0000000, 0x0000000100000000)
  region size 1024K, 5 young (5120K), 2 survivors (2048K)
 Metaspace       used 21350K, committed 21504K, reserved 1114112K
  class space    used 2115K, committed 2176K, reserved 1048576K
}
Event: 1.833 GC heap after
{Heap after GC invocations=3 (full 0):
 garbage-first heap   total 262144K, used 13424K [0x00000000c0000000, 0x0000000100000000)
  region size 1024K, 3 young (3072K), 3 survivors (3072K)
 Metaspace       used 21350K, committed 21504K, reserved 1114112K
  class space    used 2115K, committed 2176K, reserved 1048576K
}
Event: 3.377 GC heap before
{Heap before GC invocations=4 (full 0):
 garbage-first heap   total 262144K, used 97392K [0x00000000c0000000, 0x0000000100000000)
  region size 1024K, 86 young (88064K), 3 survivors (3072K)
 Metaspace       used 30172K, committed 30400K, reserved 1114112K
  class space    used 3119K, committed 3200K, reserved 1048576K
}
Event: 3.396 GC heap after
{Heap after GC invocations=5 (full 0):
 garbage-first heap   total 262144K, used 31539K [0x00000000c0000000, 0x0000000100000000)
  region size 1024K, 11 young (11264K), 11 survivors (11264K)
 Metaspace       used 30172K, committed 30400K, reserved 1114112K
  class space    used 3119K, committed 3200K, reserved 1048576K
}
Event: 4.085 GC heap before
{Heap before GC invocations=5 (full 0):
 garbage-first heap   total 262144K, used 94003K [0x00000000c0000000, 0x0000000100000000)
  region size 1024K, 72 young (73728K), 11 survivors (11264K)
 Metaspace       used 33157K, committed 33408K, reserved 1114112K
  class space    used 3512K, committed 3648K, reserved 1048576K
}
Event: 4.106 GC heap after
{Heap after GC invocations=6 (full 0):
 garbage-first heap   total 262144K, used 45814K [0x00000000c0000000, 0x0000000100000000)
  region size 1024K, 9 young (9216K), 9 survivors (9216K)
 Metaspace       used 33157K, committed 33408K, reserved 1114112K
  class space    used 3512K, committed 3648K, reserved 1048576K
}
Event: 4.354 GC heap before
{Heap before GC invocations=6 (full 0):
 garbage-first heap   total 262144K, used 64246K [0x00000000c0000000, 0x0000000100000000)
  region size 1024K, 29 young (29696K), 9 survivors (9216K)
 Metaspace       used 35736K, committed 35968K, reserved 1114112K
  class space    used 3693K, committed 3776K, reserved 1048576K
}
Event: 4.363 GC heap after
{Heap after GC invocations=7 (full 0):
 garbage-first heap   total 262144K, used 48054K [0x00000000c0000000, 0x0000000100000000)
  region size 1024K, 2 young (2048K), 2 survivors (2048K)
 Metaspace       used 35736K, committed 35968K, reserved 1114112K
  class space    used 3693K, committed 3776K, reserved 1048576K
}
Event: 6.220 GC heap before
{Heap before GC invocations=8 (full 0):
 garbage-first heap   total 262144K, used 174006K [0x00000000c0000000, 0x0000000100000000)
  region size 1024K, 125 young (128000K), 2 survivors (2048K)
 Metaspace       used 38382K, committed 38656K, reserved 1114112K
  class space    used 3882K, committed 4032K, reserved 1048576K
}
Event: 6.240 GC heap after
{Heap after GC invocations=9 (full 0):
 garbage-first heap   total 262144K, used 62572K [0x00000000c0000000, 0x0000000100000000)
  region size 1024K, 16 young (16384K), 16 survivors (16384K)
 Metaspace       used 38382K, committed 38656K, reserved 1114112K
  class space    used 3882K, committed 4032K, reserved 1048576K
}
Event: 7.116 GC heap before
{Heap before GC invocations=9 (full 0):
 garbage-first heap   total 262144K, used 194668K [0x00000000c0000000, 0x0000000100000000)
  region size 1024K, 135 young (138240K), 16 survivors (16384K)
 Metaspace       used 39476K, committed 39744K, reserved 1114112K
  class space    used 4019K, committed 4160K, reserved 1048576K
}
Event: 7.146 GC heap after
{Heap after GC invocations=10 (full 0):
 garbage-first heap   total 262144K, used 93078K [0x00000000c0000000, 0x0000000100000000)
  region size 1024K, 17 young (17408K), 17 survivors (17408K)
 Metaspace       used 39476K, committed 39744K, reserved 1114112K
  class space    used 4019K, committed 4160K, reserved 1048576K
}

Dll operation events (8 events):
Event: 0.009 Loaded shared library D:\programmes\ballerina\dependencies\jdk-17.0.7+7-jre\bin\java.dll
Event: 0.224 Loaded shared library D:\programmes\ballerina\dependencies\jdk-17.0.7+7-jre\bin\jimage.dll
Event: 0.241 Loaded shared library D:\programmes\ballerina\dependencies\jdk-17.0.7+7-jre\bin\net.dll
Event: 0.242 Loaded shared library D:\programmes\ballerina\dependencies\jdk-17.0.7+7-jre\bin\nio.dll
Event: 0.246 Loaded shared library D:\programmes\ballerina\dependencies\jdk-17.0.7+7-jre\bin\zip.dll
Event: 0.373 Loaded shared library D:\programmes\ballerina\dependencies\jdk-17.0.7+7-jre\bin\management.dll
Event: 0.390 Loaded shared library D:\programmes\ballerina\dependencies\jdk-17.0.7+7-jre\bin\management_ext.dll
Event: 0.721 Loaded shared library D:\programmes\ballerina\dependencies\jdk-17.0.7+7-jre\bin\verify.dll

Deoptimization events (20 events):
Event: 7.213 Thread 0x00000139e90993c0 Uncommon trap: trap_request=0xffffffde fr.pc=0x00000139d65da0ac relative=0x000000000000010c
Event: 7.214 Thread 0x00000139e90993c0 Uncommon trap: reason=class_check action=maybe_recompile pc=0x00000139d65da0ac method=java.util.stream.ReduceOps$ReduceOp.evaluateSequential(Ljava/util/stream/PipelineHelper;Ljava/util/Spliterator;)Ljava/lang/Object; @ 2 c2
Event: 7.214 Thread 0x00000139e90993c0 DEOPT PACKING pc=0x00000139d65da0ac sp=0x000000040a3fcca0
Event: 7.214 Thread 0x00000139e90993c0 DEOPT UNPACKING pc=0x00000139d5e669a3 sp=0x000000040a3fcc20 mode 2
Event: 7.415 Thread 0x00000139e90b2310 DEOPT PACKING pc=0x00000139ced34cf5 sp=0x000000040a2fc790
Event: 7.416 Thread 0x00000139e90b2310 DEOPT UNPACKING pc=0x00000139d5e67143 sp=0x000000040a2fbc18 mode 0
Event: 7.682 Thread 0x00000139e90b2310 DEOPT PACKING pc=0x00000139cee3d3d6 sp=0x000000040a2fdad0
Event: 7.682 Thread 0x00000139e90b2310 DEOPT UNPACKING pc=0x00000139d5e67143 sp=0x000000040a2fcfa8 mode 0
Event: 7.792 Thread 0x00000139e90b2310 DEOPT PACKING pc=0x00000139cee3d3d6 sp=0x000000040a2fdad0
Event: 7.792 Thread 0x00000139e90b2310 DEOPT UNPACKING pc=0x00000139d5e67143 sp=0x000000040a2fcfa8 mode 0
Event: 7.816 Thread 0x00000139e90b2310 DEOPT PACKING pc=0x00000139cf26dd4d sp=0x000000040a2fd870
Event: 7.816 Thread 0x00000139e90b2310 DEOPT UNPACKING pc=0x00000139d5e67143 sp=0x000000040a2fcd48 mode 0
Event: 7.870 Thread 0x00000139ec490bc0 DEOPT PACKING pc=0x00000139ced34cf5 sp=0x000000040a8fd8b0
Event: 7.870 Thread 0x00000139ec490bc0 DEOPT UNPACKING pc=0x00000139d5e67143 sp=0x000000040a8fcd38 mode 0
Event: 8.025 Thread 0x00000139ec490bc0 DEOPT PACKING pc=0x00000139ce925d12 sp=0x000000040a8fd650
Event: 8.025 Thread 0x00000139ec490bc0 DEOPT UNPACKING pc=0x00000139d5e67143 sp=0x000000040a8fcb60 mode 0
Event: 8.428 Thread 0x00000139e90b2310 DEOPT PACKING pc=0x00000139cee3d3d6 sp=0x000000040a2fd780
Event: 8.428 Thread 0x00000139e90b2310 DEOPT UNPACKING pc=0x00000139d5e67143 sp=0x000000040a2fcc58 mode 0
Event: 8.441 Thread 0x00000139e90b2310 DEOPT PACKING pc=0x00000139ceef4d0d sp=0x000000040a2fda80
Event: 8.441 Thread 0x00000139e90b2310 DEOPT UNPACKING pc=0x00000139d5e67143 sp=0x000000040a2fcf30 mode 0

Classes unloaded (16 events):
Event: 4.404 Thread 0x00000139e30cc650 Unloading class 0x0000000100311800 'java/lang/invoke/LambdaForm$DMH+0x0000000100311800'
Event: 4.404 Thread 0x00000139e30cc650 Unloading class 0x0000000100310c00 'java/lang/invoke/LambdaForm$DMH+0x0000000100310c00'
Event: 4.404 Thread 0x00000139e30cc650 Unloading class 0x0000000100310400 'java/lang/invoke/LambdaForm$MH+0x0000000100310400'
Event: 4.404 Thread 0x00000139e30cc650 Unloading class 0x000000010030fc00 'java/lang/invoke/LambdaForm$MH+0x000000010030fc00'
Event: 4.404 Thread 0x00000139e30cc650 Unloading class 0x000000010030f400 'java/lang/invoke/LambdaForm$MH+0x000000010030f400'
Event: 4.404 Thread 0x00000139e30cc650 Unloading class 0x000000010030ec00 'java/lang/invoke/LambdaForm$MH+0x000000010030ec00'
Event: 4.404 Thread 0x00000139e30cc650 Unloading class 0x000000010030e400 'java/lang/invoke/LambdaForm$MH+0x000000010030e400'
Event: 4.404 Thread 0x00000139e30cc650 Unloading class 0x000000010030dc00 'java/lang/invoke/LambdaForm$MH+0x000000010030dc00'
Event: 4.404 Thread 0x00000139e30cc650 Unloading class 0x000000010030d400 'java/lang/invoke/LambdaForm$MH+0x000000010030d400'
Event: 4.404 Thread 0x00000139e30cc650 Unloading class 0x000000010030cc00 'java/lang/invoke/LambdaForm$MH+0x000000010030cc00'
Event: 4.404 Thread 0x00000139e30cc650 Unloading class 0x000000010030c400 'java/lang/invoke/LambdaForm$MH+0x000000010030c400'
Event: 4.404 Thread 0x00000139e30cc650 Unloading class 0x00000001002fc400 'java/lang/invoke/LambdaForm$DMH+0x00000001002fc400'
Event: 4.404 Thread 0x00000139e30cc650 Unloading class 0x00000001002f4800 'java/lang/invoke/LambdaForm$MH+0x00000001002f4800'
Event: 4.404 Thread 0x00000139e30cc650 Unloading class 0x00000001002f4400 'java/lang/invoke/LambdaForm$DMH+0x00000001002f4400'
Event: 4.404 Thread 0x00000139e30cc650 Unloading class 0x00000001002ed000 'java/lang/invoke/LambdaForm$DMH+0x00000001002ed000'
Event: 4.404 Thread 0x00000139e30cc650 Unloading class 0x00000001002ec800 'java/lang/invoke/LambdaForm$DMH+0x00000001002ec800'

Classes redefined (0 events):
No events

Internal exceptions (20 events):
Event: 8.429 Thread 0x00000139e90b2310 Exception <a 'sun/nio/fs/WindowsException'{0x00000000cd2a16c0}> (0x00000000cd2a16c0) 
thrown [s\src\hotspot\share\prims\jni.cpp, line 516]
Event: 8.429 Thread 0x00000139e90b2310 Exception <a 'sun/nio/fs/WindowsException'{0x00000000cd2a1aa0}> (0x00000000cd2a1aa0) 
thrown [s\src\hotspot\share\prims\jni.cpp, line 516]
Event: 8.430 Thread 0x00000139e90b2310 Exception <a 'sun/nio/fs/WindowsException'{0x00000000cd2a30a8}> (0x00000000cd2a30a8) 
thrown [s\src\hotspot\share\prims\jni.cpp, line 516]
Event: 8.430 Thread 0x00000139e90b2310 Exception <a 'sun/nio/fs/WindowsException'{0x00000000cd2a34e8}> (0x00000000cd2a34e8) 
thrown [s\src\hotspot\share\prims\jni.cpp, line 516]
Event: 8.438 Thread 0x00000139e90b2310 Exception <a 'sun/nio/fs/WindowsException'{0x00000000cd136fd0}> (0x00000000cd136fd0) 
thrown [s\src\hotspot\share\prims\jni.cpp, line 516]
Event: 8.438 Thread 0x00000139e90b2310 Exception <a 'sun/nio/fs/WindowsException'{0x00000000cd1374d8}> (0x00000000cd1374d8) 
thrown [s\src\hotspot\share\prims\jni.cpp, line 516]
Event: 8.438 Thread 0x00000139e90b2310 Exception <a 'sun/nio/fs/WindowsException'{0x00000000cd137a38}> (0x00000000cd137a38) 
thrown [s\src\hotspot\share\prims\jni.cpp, line 516]
Event: 8.439 Thread 0x00000139e90b2310 Exception <a 'sun/nio/fs/WindowsException'{0x00000000cd1417e0}> (0x00000000cd1417e0) 
thrown [s\src\hotspot\share\prims\jni.cpp, line 516]
Event: 8.439 Thread 0x00000139e90b2310 Exception <a 'sun/nio/fs/WindowsException'{0x00000000cd141c70}> (0x00000000cd141c70) 
thrown [s\src\hotspot\share\prims\jni.cpp, line 516]
Event: 8.440 Thread 0x00000139e90b2310 Exception <a 'sun/nio/fs/WindowsException'{0x00000000cd142f38}> (0x00000000cd142f38) 
thrown [s\src\hotspot\share\prims\jni.cpp, line 516]
Event: 8.440 Thread 0x00000139e90b2310 Exception <a 'sun/nio/fs/WindowsException'{0x00000000cd143358}> (0x00000000cd143358) 
thrown [s\src\hotspot\share\prims\jni.cpp, line 516]
Event: 8.440 Thread 0x00000139e90b2310 Exception <a 'sun/nio/fs/WindowsException'{0x00000000cd144300}> (0x00000000cd144300) 
thrown [s\src\hotspot\share\prims\jni.cpp, line 516]
Event: 8.440 Thread 0x00000139e90b2310 Exception <a 'sun/nio/fs/WindowsException'{0x00000000cd144710}> (0x00000000cd144710) 
thrown [s\src\hotspot\share\prims\jni.cpp, line 516]
Event: 8.440 Thread 0x00000139e90b2310 Exception <a 'sun/nio/fs/WindowsException'{0x00000000cd1502d0}> (0x00000000cd1502d0) 
thrown [s\src\hotspot\share\prims\jni.cpp, line 516]
Event: 8.441 Thread 0x00000139e90b2310 Exception <a 'sun/nio/fs/WindowsException'{0x00000000cd160348}> (0x00000000cd160348) 
thrown [s\src\hotspot\share\prims\jni.cpp, line 516]
Event: 8.442 Thread 0x00000139e90b2310 Exception <a 'sun/nio/fs/WindowsException'{0x00000000cd160758}> (0x00000000cd160758) 
thrown [s\src\hotspot\share\prims\jni.cpp, line 516]
Event: 8.442 Thread 0x00000139e90b2310 Exception <a 'sun/nio/fs/WindowsException'{0x00000000cd162ab8}> (0x00000000cd162ab8) 
thrown [s\src\hotspot\share\prims\jni.cpp, line 516]
Event: 8.442 Thread 0x00000139e90b2310 Exception <a 'sun/nio/fs/WindowsException'{0x00000000cd162ea8}> (0x00000000cd162ea8) 
thrown [s\src\hotspot\share\prims\jni.cpp, line 516]
Event: 8.443 Thread 0x00000139e90b2310 Exception <a 'sun/nio/fs/WindowsException'{0x00000000cd164508}> (0x00000000cd164508) 
thrown [s\src\hotspot\share\prims\jni.cpp, line 516]
Event: 8.443 Thread 0x00000139e90b2310 Exception <a 'sun/nio/fs/WindowsException'{0x00000000cd164970}> (0x00000000cd164970) 
thrown [s\src\hotspot\share\prims\jni.cpp, line 516]

VM Operations (20 events):
Event: 6.910 Executing VM operation: HandshakeAllThreads
Event: 6.910 Executing VM operation: HandshakeAllThreads done
Event: 7.116 Executing VM operation: G1CollectForAllocation
Event: 7.158 Executing VM operation: G1CollectForAllocation done
Event: 7.212 Executing VM operation: HandshakeAllThreads
Event: 7.212 Executing VM operation: HandshakeAllThreads done
Event: 7.238 Executing VM operation: HandshakeAllThreads
Event: 7.238 Executing VM operation: HandshakeAllThreads done
Event: 7.248 Executing VM operation: HandshakeAllThreads
Event: 7.248 Executing VM operation: HandshakeAllThreads done
Event: 7.358 Executing VM operation: HandshakeAllThreads
Event: 7.374 Executing VM operation: HandshakeAllThreads done
Event: 7.539 Executing VM operation: HandshakeAllThreads
Event: 7.539 Executing VM operation: HandshakeAllThreads done
Event: 7.542 Executing VM operation: HandshakeAllThreads
Event: 7.542 Executing VM operation: HandshakeAllThreads done
Event: 7.594 Executing VM operation: HandshakeAllThreads
Event: 7.594 Executing VM operation: HandshakeAllThreads done
Event: 7.667 Executing VM operation: HandshakeAllThreads
Event: 7.688 Executing VM operation: HandshakeAllThreads done

Events (20 events):
Event: 7.703 Thread 0x00000139e31c2a50 flushing nmethod 0x00000139cf331290
Event: 7.703 Thread 0x00000139e31c2a50 flushing nmethod 0x00000139cf331610
Event: 7.703 Thread 0x00000139e31c2a50 flushing nmethod 0x00000139cf332190
Event: 7.703 Thread 0x00000139e31c2a50 flushing nmethod 0x00000139cf333490
Event: 7.704 Thread 0x00000139e31c2a50 flushing nmethod 0x00000139cf368f90
Event: 7.704 Thread 0x00000139e31c2a50 flushing nmethod 0x00000139cf371f10
Event: 7.704 Thread 0x00000139e31c2a50 flushing nmethod 0x00000139cf377c90
Event: 7.704 Thread 0x00000139e31c2a50 flushing nmethod 0x00000139cf37c190
Event: 7.705 Thread 0x00000139e31c2a50 flushing nmethod 0x00000139cf3aed10
Event: 7.705 Thread 0x00000139e31c2a50 flushing nmethod 0x00000139cf3af410
Event: 7.705 Thread 0x00000139e31c2a50 flushing nmethod 0x00000139cf3bfb90
Event: 7.705 Thread 0x00000139e31c2a50 flushing nmethod 0x00000139cf3c3c10
Event: 7.705 Thread 0x00000139e31c2a50 flushing nmethod 0x00000139cf3d5610
Event: 7.705 Thread 0x00000139e31c2a50 flushing nmethod 0x00000139cf3ecc10
Event: 7.705 Thread 0x00000139e31c2a50 flushing nmethod 0x00000139cf420510
Event: 7.705 Thread 0x00000139e31c2a50 flushing nmethod 0x00000139cf42e390
Event: 7.705 Thread 0x00000139e31c2a50 flushing nmethod 0x00000139cf442d90
Event: 7.705 Thread 0x00000139e31c2a50 flushing nmethod 0x00000139cf44d390
Event: 7.707 Thread 0x00000139e31c2a50 flushing nmethod 0x00000139cf4ef790
Event: 7.707 Thread 0x00000139e31c2a50 flushing nmethod 0x00000139cf4fd010


Dynamic libraries:
0x00007ff6b4ae0000 - 0x00007ff6b4aee000 	D:\programmes\ballerina\dependencies\jdk-17.0.7+7-jre\bin\java.exe
0x00007ffee5b50000 - 0x00007ffee5d67000 	C:\WINDOWS\SYSTEM32\ntdll.dll
0x00007ffee4730000 - 0x00007ffee47f4000 	C:\WINDOWS\System32\KERNEL32.DLL
0x00007ffee3010000 - 0x00007ffee33bd000 	C:\WINDOWS\System32\KERNELBASE.dll
0x00007ffee3760000 - 0x00007ffee3871000 	C:\WINDOWS\System32\ucrtbase.dll
0x00007ffeb3f20000 - 0x00007ffeb3f37000 	D:\programmes\ballerina\dependencies\jdk-17.0.7+7-jre\bin\jli.dll
0x00007ffeb3b00000 - 0x00007ffeb3b19000 	D:\programmes\ballerina\dependencies\jdk-17.0.7+7-jre\bin\VCRUNTIME140.dll
0x00007ffee4580000 - 0x00007ffee472e000 	C:\WINDOWS\System32\USER32.dll
0x00007ffee3460000 - 0x00007ffee3486000 	C:\WINDOWS\System32\win32u.dll
0x00007ffebf130000 - 0x00007ffebf3c3000 	C:\WINDOWS\WinSxS\amd64_microsoft.windows.common-controls_6595b64144ccf1df_6.0.22621.3672_none_2713b9d173822955\COMCTL32.dll
0x00007ffee3940000 - 0x00007ffee3969000 	C:\WINDOWS\System32\GDI32.dll
0x00007ffee5750000 - 0x00007ffee57f7000 	C:\WINDOWS\System32\msvcrt.dll
0x00007ffee2ef0000 - 0x00007ffee3009000 	C:\WINDOWS\System32\gdi32full.dll
0x00007ffee3490000 - 0x00007ffee352a000 	C:\WINDOWS\System32\msvcp_win.dll
0x00007ffee4810000 - 0x00007ffee4841000 	C:\WINDOWS\System32\IMM32.DLL
0x00007ffed1630000 - 0x00007ffed163c000 	D:\programmes\ballerina\dependencies\jdk-17.0.7+7-jre\bin\vcruntime140_1.dll
0x00007ffea70a0000 - 0x00007ffea7131000 	D:\programmes\ballerina\dependencies\jdk-17.0.7+7-jre\bin\msvcp140.dll
0x00007ffe5ebb0000 - 0x00007ffe5f7f8000 	D:\programmes\ballerina\dependencies\jdk-17.0.7+7-jre\bin\server\jvm.dll
0x00007ffee3880000 - 0x00007ffee3932000 	C:\WINDOWS\System32\ADVAPI32.dll
0x00007ffee5850000 - 0x00007ffee58f9000 	C:\WINDOWS\System32\sechost.dll
0x00007ffee33c0000 - 0x00007ffee33e8000 	C:\WINDOWS\System32\bcrypt.dll
0x00007ffee4850000 - 0x00007ffee4964000 	C:\WINDOWS\System32\RPCRT4.dll
0x00007ffecfeb0000 - 0x00007ffecfee4000 	C:\WINDOWS\SYSTEM32\WINMM.dll
0x00007ffedeb80000 - 0x00007ffedeb8a000 	C:\WINDOWS\SYSTEM32\VERSION.dll
0x00007ffedebe0000 - 0x00007ffedebe9000 	C:\WINDOWS\SYSTEM32\WSOCK32.dll
0x00007ffee4400000 - 0x00007ffee4471000 	C:\WINDOWS\System32\WS2_32.dll
0x00007ffee1e80000 - 0x00007ffee1e98000 	C:\WINDOWS\SYSTEM32\kernel.appcore.dll
0x00007ffed15d0000 - 0x00007ffed15da000 	D:\programmes\ballerina\dependencies\jdk-17.0.7+7-jre\bin\jimage.dll
0x00007ffed88a0000 - 0x00007ffed8ad2000 	C:\WINDOWS\SYSTEM32\DBGHELP.DLL
0x00007ffee3a70000 - 0x00007ffee3dfe000 	C:\WINDOWS\System32\combase.dll
0x00007ffee3970000 - 0x00007ffee3a47000 	C:\WINDOWS\System32\OLEAUT32.dll
0x00007ffecd490000 - 0x00007ffecd4c2000 	C:\WINDOWS\SYSTEM32\dbgcore.DLL
0x00007ffee2e70000 - 0x00007ffee2eeb000 	C:\WINDOWS\System32\bcryptPrimitives.dll
0x00007ffeb3590000 - 0x00007ffeb35b5000 	D:\programmes\ballerina\dependencies\jdk-17.0.7+7-jre\bin\java.dll
0x00007ffee4a10000 - 0x00007ffee5277000 	C:\WINDOWS\System32\SHELL32.dll
0x00007ffee0da0000 - 0x00007ffee169f000 	C:\WINDOWS\SYSTEM32\windows.storage.dll
0x00007ffee0c60000 - 0x00007ffee0d9f000 	C:\WINDOWS\SYSTEM32\wintypes.dll
0x00007ffee4480000 - 0x00007ffee4579000 	C:\WINDOWS\System32\SHCORE.dll
0x00007ffee3e20000 - 0x00007ffee3e7e000 	C:\WINDOWS\System32\shlwapi.dll
0x00007ffee2da0000 - 0x00007ffee2dc7000 	C:\WINDOWS\SYSTEM32\profapi.dll
0x00007ffeb3570000 - 0x00007ffeb3589000 	D:\programmes\ballerina\dependencies\jdk-17.0.7+7-jre\bin\net.dll
0x00007ffede980000 - 0x00007ffedeab6000 	C:\WINDOWS\SYSTEM32\WINHTTP.dll
0x00007ffee22e0000 - 0x00007ffee2349000 	C:\WINDOWS\system32\mswsock.dll
0x00007ffeb3550000 - 0x00007ffeb3565000 	D:\programmes\ballerina\dependencies\jdk-17.0.7+7-jre\bin\nio.dll
0x00007ffeb1650000 - 0x00007ffeb1668000 	D:\programmes\ballerina\dependencies\jdk-17.0.7+7-jre\bin\zip.dll
0x00007ffee1970000 - 0x00007ffee1a68000 	C:\WINDOWS\SYSTEM32\DNSAPI.dll
0x00007ffee1900000 - 0x00007ffee192d000 	C:\WINDOWS\SYSTEM32\IPHLPAPI.DLL
0x00007ffee4800000 - 0x00007ffee4809000 	C:\WINDOWS\System32\NSI.dll
0x00007ffed1310000 - 0x00007ffed131a000 	C:\Windows\System32\rasadhlp.dll
0x00007ffedc5c0000 - 0x00007ffedc643000 	C:\WINDOWS\System32\fwpuclnt.dll
0x00007ffecbb40000 - 0x00007ffecbb49000 	D:\programmes\ballerina\dependencies\jdk-17.0.7+7-jre\bin\management.dll
0x00007ffeca8f0000 - 0x00007ffeca8fb000 	D:\programmes\ballerina\dependencies\jdk-17.0.7+7-jre\bin\management_ext.dll
0x00007ffee3f00000 - 0x00007ffee3f08000 	C:\WINDOWS\System32\PSAPI.DLL
0x00007ffee26a0000 - 0x00007ffee26bb000 	C:\WINDOWS\SYSTEM32\CRYPTSP.dll
0x00007ffee1de0000 - 0x00007ffee1e15000 	C:\WINDOWS\system32\rsaenh.dll
0x00007ffee2380000 - 0x00007ffee23a8000 	C:\WINDOWS\SYSTEM32\USERENV.dll
0x00007ffee2680000 - 0x00007ffee268c000 	C:\WINDOWS\SYSTEM32\CRYPTBASE.dll
0x00007ffede880000 - 0x00007ffede899000 	C:\WINDOWS\SYSTEM32\dhcpcsvc6.DLL
0x00007ffede860000 - 0x00007ffede87f000 	C:\WINDOWS\SYSTEM32\dhcpcsvc.DLL
0x00007ffedebc0000 - 0x00007ffedebd7000 	C:\WINDOWS\system32\napinsp.dll
0x00007ffedbf40000 - 0x00007ffedbf5b000 	C:\WINDOWS\system32\pnrpnsp.dll
0x00007ffedbbb0000 - 0x00007ffedbbc1000 	C:\WINDOWS\System32\winrnr.dll
0x00007ffeca770000 - 0x00007ffeca797000 	C:\WINDOWS\system32\nlansp_c.dll
0x00007ffedbf00000 - 0x00007ffedbf15000 	C:\WINDOWS\system32\wshbth.dll
0x00007ffeca680000 - 0x00007ffeca690000 	D:\programmes\ballerina\dependencies\jdk-17.0.7+7-jre\bin\verify.dll

dbghelp: loaded successfully - version: 4.0.5 - missing functions: none
symbol engine: initialized successfully - sym options: 0x614 - pdb path: .;D:\programmes\ballerina\dependencies\jdk-17.0.7+7-jre\bin;C:\WINDOWS\SYSTEM32;C:\WINDOWS\WinSxS\amd64_microsoft.windows.common-controls_6595b64144ccf1df_6.0.22621.3672_none_2713b9d173822955;D:\programmes\ballerina\dependencies\jdk-17.0.7+7-jre\bin\server

VM Arguments:
jvm_args: -Xbootclasspath/a: -Xms256m -Xmx1024m -XX:+HeapDumpOnOutOfMemoryError -Dcom.sun.management.jmxremote -Dballerina.home=D:\programmes\ballerina\distributions\ballerina-2201.10.1\bin\.. -Dballerina.target=jvm -Djava.command=D:\programmes\ballerina\distributions\ballerina-2201.10.1\bin\..\..\..\dependencies\jdk-17.0.7+7-jre\bin\java -Djava.opts= -Denable.nonblocking=false -Dfile.encoding=UTF8 -Dballerina.version=2201.10.1 
java_command: io.ballerina.cli.launcher.Main start-language-server
java_class_path (initial): .\bre\lib\bootstrap;;D:\programmes\ballerina\distributions\ballerina-2201.10.1\bin\..\..\..\dependencies\jdk-17.0.7+7-jre\lib\tools.jar;D:\programmes\ballerina\distributions\ballerina-2201.10.1\bin\..\bre\lib\annotations-2201.10.1.jar;D:\programmes\ballerina\distributions\ballerina-2201.10.1\bin\..\bre\lib\architecture-model-generator-core-1.5.0.jar;D:\programmes\ballerina\distributions\ballerina-2201.10.1\bin\..\bre\lib\architecture-model-generator-plugin-1.5.0.jar;D:\programmes\ballerina\distributions\ballerina-2201.10.1\bin\..\bre\lib\array-2201.10.1.jar;D:\programmes\ballerina\distributions\ballerina-2201.10.1\bin\..\bre\lib\asm-9.7.jar;D:\programmes\ballerina\distributions\ballerina-2201.10.1\bin\..\bre\lib\asm-analysis-9.7.jar;D:\programmes\ballerina\distributions\ballerina-2201.10.1\bin\..\bre\lib\asm-commons-9.7.jar;D:\programmes\ballerina\distributions\ballerina-2201.10.1\bin\..\bre\lib\asm-tree-9.7.jar;D:\programmes\ballerina\distributions\ballerina-2201.10.1\bin\..\bre\lib\asm-util-9.7.jar;D:\programmes\ballerina\distributions\ballerina-2201.10.1\bin\..\bre\lib\asyncapi-cli-0.9.0.jar;D:\programmes\ballerina\distributions\ballerina-2201.10.1\bin\..\bre\lib\atomikos-util-5.0.8.jar;D:\programmes\ballerina\distributions\ballerina-2201.10.1\bin\..\bre\lib\axiom-api-1.4.0.jar;D:\programmes\ballerina\distributions\ballerina-2201.10.1\bin\..\bre\lib\axiom-impl-1.4.0.jar;D:\programmes\ballerina\distributions\ballerina-2201.10.1\bin\..\bre\lib\ballerina-bindgen-2201.10.1.jar;D:\programmes\ballerina\distributions\ballerina-2201.10.1\bin\..\bre\lib\ballerina-cli-2201.10.1.jar;D:\programmes\ballerina\distributions\ballerina-2201.10.1\bin\..\bre\lib\ballerina-io-internal-2201.10.1.jar;D:\programmes\ballerina\distributions\ballerina-2201.10.1\bin\..\bre\lib\ballerina-lang-2201.10.1.jar;D:\programmes\ballerina\distributions\ballerina-2201.10.1\bin\..\bre\lib\ballerina-linter-2201.10.1.jar;D:\programmes\ballerina\distributions\ballerina-2201.1
Launcher Type: SUN_STANDARD

[Global flags]
     intx CICompilerCount                          = 4                                         {product} {ergonomic}
     uint ConcGCThreads                            = 3                                         {product} {ergonomic}
     uint G1ConcRefinementThreads                  = 10                                        {product} {ergonomic}
   size_t G1HeapRegionSize                         = 1048576                                   {product} {ergonomic}
    uintx GCDrainStackTargetSize                   = 64                                        {product} {ergonomic}
     bool HeapDumpOnOutOfMemoryError               = true                                   {manageable} {command line}
   size_t InitialHeapSize                          = 268435456                                 {product} {command line}
     bool ManagementServer                         = true                                      {product} {command line}
   size_t MarkStackSize                            = 4194304                                   {product} {ergonomic}
   size_t MaxHeapSize                              = 1073741824                                {product} {command line}
   size_t MaxNewSize                               = 643825664                                 {product} {ergonomic}
   size_t MinHeapDeltaBytes                        = 1048576                                   {product} {ergonomic}
   size_t MinHeapSize                              = 268435456                                 {product} {command line}
    uintx NonNMethodCodeHeapSize                   = 5839372                                {pd product} {ergonomic}
    uintx NonProfiledCodeHeapSize                  = 122909434                              {pd product} {ergonomic}
    uintx ProfiledCodeHeapSize                     = 122909434                              {pd product} {ergonomic}
    uintx ReservedCodeCacheSize                    = 251658240                              {pd product} {ergonomic}
     bool SegmentedCodeCache                       = true                                      {product} {ergonomic}
   size_t SoftMaxHeapSize                          = 1073741824                             {manageable} {ergonomic}
     bool UseCompressedClassPointers               = true                           {product lp64_product} {ergonomic}
     bool UseCompressedOops                        = true                           {product lp64_product} {ergonomic}
     bool UseG1GC                                  = true                                      {product} {ergonomic}
     bool UseLargePagesIndividualAllocation        = false                                  {pd product} {ergonomic}

Logging:
Log output configuration:
 #0: stdout all=warning uptime,level,tags
 #1: stderr all=off uptime,level,tags

Environment Variables:
JAVA_HOME=D:\programmes\ballerina\distributions\ballerina-2201.10.1\bin\..\..\..\dependencies\jdk-17.0.7+7-jre
PATH=D:\programmes\python\python 3.12.5\Scripts\;D:\programmes\python\python 3.12.5\;C:\Program Files\Common Files\Oracle\Java\javapath;C:\WINDOWS\system32;C:\WINDOWS;C:\WINDOWS\System32\Wbem;C:\WINDOWS\System32\WindowsPowerShell\v1.0\;C:\WINDOWS\System32\OpenSSH\;D:\programmes\java\bin;D:\programmes\node js\;C:\ProgramData\chocolatey\bin;D:\programmes\Git\cmd;D:\programmes\vs code\Microsoft VS Code\bin;C:\Program Files\Azure Data Studio\bin;D:\programmes\swi-prolog\swipl\bin;C:\Users\new18\AppData\Local\Pub\Cache\bin;C:\Program Files\MongoDB\Server\7.0\bin;D:\programmes\apache-maven-3.9.6-bin\apache-maven-3.9.6\bin;C:\Program Files\Docker\Docker\resources\bin;D:\programmes\ballerina\bin;C:\Program Files\MySQL\MySQL Shell 8.0\bin\;C:\Users\new18\AppData\Local\Microsoft\WindowsApps;C:\Users\new18\AppData\Roaming\npm;D:\programmes\vs code\Microsoft VS Code\bin;D:\programmes\f_src\flutter\bin;C:\Program Files\Azure Data Studio\bin;D:\programmes\swigwin-4.2.0\swigwin-4.2.0;D:\programmes\webstorm\WebStorm 2024.2.1\bin;
USERNAME=new18
OS=Windows_NT
PROCESSOR_IDENTIFIER=Intel64 Family 6 Model 165 Stepping 2, GenuineIntel
TMP=C:\Users\new18\AppData\Local\Temp
TEMP=C:\Users\new18\AppData\Local\Temp



---------------  S Y S T E M  ---------------

OS:
 Windows 11 , 64 bit Build 22621 (10.0.22621.3958)
OS uptime: 0 days 15:45 hours
Hyper-V role detected

CPU: total 12 (initial active 12) (6 cores per cpu, 2 threads per core) family 6 model 165 stepping 2 microcode 0xe2, cx8, cmov, fxsr, ht, mmx, 3dnowpref, sse, sse2, sse3, ssse3, sse4.1, sse4.2, popcnt, lzcnt, tsc, tscinvbit, avx, avx2, aes, erms, clmul, bmi1, bmi2, adx, fma, vzeroupper, clflush, clflushopt, hv

Memory: 4k page, system-wide physical 16202M (4700M free)
TotalPageFile size 21200M (AvailPageFile size 3M)
current process WorkingSet (physical memory assigned to process): 413M, peak: 419M
current process commit charge ("private bytes"): 490M, peak: 496M

vm_info: OpenJDK 64-Bit Server VM (17.0.7+7) for windows-amd64 JRE (17.0.7+7), built on Apr 18 2023 22:10:42 by "temurin" with MS VC++ 16.7 (VS2019)

END.
